{"timestamp": "2025-10-15T21:25:01.016666", "level": "INFO", "logger": "root", "message": "Enhanced typo detection system logging initialized", "module": "logging_config", "function": "setup_logging", "line": 237}
{"timestamp": "2025-10-15T21:25:04.005680", "level": "INFO", "logger": "domain_vocabulary", "message": "Domain vocabulary initialized with 67 technical terms", "module": "domain_vocabulary", "function": "__init__", "line": 86}
{"timestamp": "2025-10-15T21:25:04.006124", "level": "INFO", "logger": "domain_vocabulary", "message": "Enhanced domain validator initialized", "module": "domain_vocabulary", "function": "__init__", "line": 473}
{"timestamp": "2025-10-15T21:25:04.006623", "level": "INFO", "logger": "confidence_scoring", "message": "Advanced confidence scorer initialized", "module": "confidence_scoring", "function": "__init__", "line": 340}
{"timestamp": "2025-10-15T21:25:04.143697", "level": "INFO", "logger": "enhanced_traditional_nlp_layer", "message": "Spell checker initialized with 235 technical terms", "module": "enhanced_traditional_nlp_layer", "function": "_initialize_spell_checker", "line": 149}
{"timestamp": "2025-10-15T21:25:04.144232", "level": "INFO", "logger": "enhanced_traditional_nlp_layer", "message": "Enhanced traditional NLP layer initialized", "module": "enhanced_traditional_nlp_layer", "function": "__init__", "line": 561}
{"timestamp": "2025-10-15T21:25:04.148873", "level": "WARNING", "logger": "enhanced_traditional_nlp_layer", "message": "Java not available: [WinError 2] The system cannot find the file specified", "module": "enhanced_traditional_nlp_layer", "function": "check_java_availability", "line": 79}
{"timestamp": "2025-10-15T21:25:04.149205", "level": "INFO", "logger": "enhanced_traditional_nlp_layer", "message": "Using fallback grammar checking (Java not available)", "module": "enhanced_traditional_nlp_layer", "function": "check_grammar", "line": 431}
{"timestamp": "2025-10-15T21:25:04.150908", "level": "ERROR", "logger": "enhanced_traditional_nlp_layer", "message": "NLP detection task failed: 'WordFrequency' object has no attribute 'get'", "module": "enhanced_traditional_nlp_layer", "function": "_detect_parallel", "line": 655}
{"timestamp": "2025-10-15T21:25:04.151974", "level": "INFO", "logger": "enhanced_traditional_nlp_layer", "message": "Traditional NLP layer cleanup completed", "module": "enhanced_traditional_nlp_layer", "function": "cleanup", "line": 800}
{"timestamp": "2025-10-15T21:26:32.745895", "level": "INFO", "logger": "root", "message": "Enhanced typo detection system logging initialized", "module": "logging_config", "function": "setup_logging", "line": 237}
{"timestamp": "2025-10-15T21:26:35.046723", "level": "INFO", "logger": "root", "message": "Enhanced typo detection system logging initialized", "module": "logging_config", "function": "setup_logging", "line": 237}
{"timestamp": "2025-10-15T21:26:35.048279", "level": "INFO", "logger": "intelligent_cache", "message": "Intelligent cache manager initialized", "module": "intelligent_cache", "function": "__init__", "line": 471}
{"timestamp": "2025-10-15T21:26:35.048760", "level": "INFO", "logger": "domain_vocabulary", "message": "Domain vocabulary initialized with 67 technical terms", "module": "domain_vocabulary", "function": "__init__", "line": 86}
{"timestamp": "2025-10-15T21:26:35.049016", "level": "INFO", "logger": "domain_vocabulary", "message": "Enhanced domain validator initialized", "module": "domain_vocabulary", "function": "__init__", "line": 473}
{"timestamp": "2025-10-15T21:26:35.049204", "level": "INFO", "logger": "confidence_scoring", "message": "Advanced confidence scorer initialized", "module": "confidence_scoring", "function": "__init__", "line": 340}
{"timestamp": "2025-10-15T21:26:35.049400", "level": "INFO", "logger": "ensemble_validation", "message": "Advanced ensemble validator initialized", "module": "ensemble_validation", "function": "__init__", "line": 444}
{"timestamp": "2025-10-15T21:26:35.049921", "level": "INFO", "logger": "multi_layer_engine", "message": "Multi-layer detection engine initialized", "module": "multi_layer_engine", "function": "__init__", "line": 528}
{"timestamp": "2025-10-15T21:26:35.050786", "level": "INFO", "logger": "domain_vocabulary", "message": "Domain vocabulary initialized with 67 technical terms", "module": "domain_vocabulary", "function": "__init__", "line": 86}
{"timestamp": "2025-10-15T21:26:35.051191", "level": "INFO", "logger": "domain_vocabulary", "message": "Enhanced domain validator initialized", "module": "domain_vocabulary", "function": "__init__", "line": 473}
{"timestamp": "2025-10-15T21:26:35.051507", "level": "INFO", "logger": "confidence_scoring", "message": "Advanced confidence scorer initialized", "module": "confidence_scoring", "function": "__init__", "line": 340}
{"timestamp": "2025-10-15T21:26:35.195796", "level": "INFO", "logger": "enhanced_traditional_nlp_layer", "message": "Spell checker initialized with 235 technical terms", "module": "enhanced_traditional_nlp_layer", "function": "_initialize_spell_checker", "line": 149}
{"timestamp": "2025-10-15T21:26:35.196255", "level": "INFO", "logger": "enhanced_traditional_nlp_layer", "message": "Enhanced traditional NLP layer initialized", "module": "enhanced_traditional_nlp_layer", "function": "__init__", "line": 561}
{"timestamp": "2025-10-15T21:26:35.196459", "level": "INFO", "logger": "multi_layer_engine", "message": "Registered detection layer: DetectionLayer.TRADITIONAL_NLP", "module": "multi_layer_engine", "function": "register_layer", "line": 222}
{"timestamp": "2025-10-15T21:26:35.196787", "level": "INFO", "logger": "enhanced_text_analysis_service", "message": "Traditional NLP layer registered", "module": "enhanced_text_analysis_service", "function": "_initialize_detection_layers", "line": 133}
{"timestamp": "2025-10-15T21:26:35.197758", "level": "INFO", "logger": "confidence_scoring", "message": "Advanced confidence scorer initialized", "module": "confidence_scoring", "function": "__init__", "line": 340}
{"timestamp": "2025-10-15T21:26:35.198233", "level": "INFO", "logger": "domain_vocabulary", "message": "Domain vocabulary initialized with 67 technical terms", "module": "domain_vocabulary", "function": "__init__", "line": 86}
{"timestamp": "2025-10-15T21:26:35.198484", "level": "INFO", "logger": "domain_vocabulary", "message": "Enhanced domain validator initialized", "module": "domain_vocabulary", "function": "__init__", "line": 473}
{"timestamp": "2025-10-15T21:26:40.725884", "level": "INFO", "logger": "enhanced_gector_layer", "message": "Loading primary model: vennify/t5-base-grammar-correction", "module": "enhanced_gector_layer", "function": "load_primary_model", "line": 68}
{"timestamp": "2025-10-15T21:26:43.867007", "level": "INFO", "logger": "enhanced_gector_layer", "message": "Primary model loaded successfully on cpu", "module": "enhanced_gector_layer", "function": "load_primary_model", "line": 90}
{"timestamp": "2025-10-15T21:26:43.867611", "level": "INFO", "logger": "enhanced_gector_layer", "message": "Primary model loaded successfully", "module": "enhanced_gector_layer", "function": "_initialize_models", "line": 438}
{"timestamp": "2025-10-15T21:26:43.868028", "level": "INFO", "logger": "enhanced_gector_layer", "message": "Enhanced GECToR layer initialized", "module": "enhanced_gector_layer", "function": "__init__", "line": 424}
{"timestamp": "2025-10-15T21:26:43.868351", "level": "INFO", "logger": "multi_layer_engine", "message": "Registered detection layer: DetectionLayer.GECTOR_TRANSFORMER", "module": "multi_layer_engine", "function": "register_layer", "line": 222}
{"timestamp": "2025-10-15T21:26:43.868585", "level": "INFO", "logger": "enhanced_text_analysis_service", "message": "GECToR layer registered", "module": "enhanced_text_analysis_service", "function": "_initialize_detection_layers", "line": 146}
{"timestamp": "2025-10-15T21:26:43.868803", "level": "INFO", "logger": "multi_layer_engine", "message": "Registered detection layer: DetectionLayer.DOMAIN_VALIDATION", "module": "multi_layer_engine", "function": "register_layer", "line": 222}
{"timestamp": "2025-10-15T21:26:43.869025", "level": "INFO", "logger": "enhanced_text_analysis_service", "message": "Domain validation layer registered", "module": "enhanced_text_analysis_service", "function": "_initialize_detection_layers", "line": 155}
{"timestamp": "2025-10-15T21:26:43.869378", "level": "INFO", "logger": "enhanced_text_analysis_service", "message": "Enhanced Text Analysis Service initialized successfully", "module": "enhanced_text_analysis_service", "function": "__init__", "line": 119}
{"timestamp": "2025-10-15T21:26:43.872648", "level": "ERROR", "logger": "multi_layer_engine", "message": "Multi-layer analysis failed: 'IntelligentCacheManager' object has no attribute 'create_cache_key'", "module": "multi_layer_engine", "function": "analyze", "line": 640, "processing_time": 5.91278076171875e-05, "error_type": "AttributeError", "text_length": 99, "exception": "Traceback (most recent call last):\n  File \"C:\\Users\\admin\\Desktop\\Microproject AIML\\backend\\multi_layer_engine.py\", line 553, in analyze\n    cache_key = self.cache_manager.create_cache_key(processed_text, config)\n                ^^^^^^^^^^^^^^^^^^^^^^^^^^^^^^^^^^^\nAttributeError: 'IntelligentCacheManager' object has no attribute 'create_cache_key'"}
{"timestamp": "2025-10-15T21:26:43.875342", "level": "ERROR", "logger": "multi_layer_engine", "message": "Failed multi_layer_analysis_1: exceptions must derive from BaseException", "module": "logging_config", "function": "__exit__", "line": 338, "processing_time": 0.002723, "error_type": "TypeError"}
{"timestamp": "2025-10-15T21:26:43.875682", "level": "ERROR", "logger": "errors", "message": "Analysis error: exceptions must derive from BaseException", "module": "logging_config", "function": "log_analysis_error", "line": 146}
{"timestamp": "2025-10-15T21:26:43.876125", "level": "ERROR", "logger": "enhanced_text_analysis_service", "message": "Enhanced analysis failed: exceptions must derive from BaseException", "module": "enhanced_text_analysis_service", "function": "analyze_text", "line": 239, "processing_time": 0.005191802978515625, "error_type": "TypeError", "text_length": 99, "exception": "Traceback (most recent call last):\n  File \"C:\\Users\\admin\\Desktop\\Microproject AIML\\backend\\multi_layer_engine.py\", line 553, in analyze\n    cache_key = self.cache_manager.create_cache_key(processed_text, config)\n                ^^^^^^^^^^^^^^^^^^^^^^^^^^^^^^^^^^^\nAttributeError: 'IntelligentCacheManager' object has no attribute 'create_cache_key'\n\nDuring handling of the above exception, another exception occurred:\n\nTraceback (most recent call last):\n  File \"C:\\Users\\admin\\Desktop\\Microproject AIML\\backend\\enhanced_text_analysis_service.py\", line 190, in analyze_text\n    result = self.engine.analyze(text, analysis_config)\n  File \"C:\\Users\\admin\\Desktop\\Microproject AIML\\backend\\multi_layer_engine.py\", line 657, in analyze\n    raise AnalysisError(\n    ...<3 lines>...\n    )\nTypeError: exceptions must derive from BaseException"}
{"timestamp": "2025-10-15T21:26:43.880285", "level": "ERROR", "logger": "multi_layer_engine", "message": "Multi-layer analysis failed: 'IntelligentCacheManager' object has no attribute 'create_cache_key'", "module": "multi_layer_engine", "function": "analyze", "line": 640, "processing_time": 6.318092346191406e-05, "error_type": "AttributeError", "text_length": 75, "exception": "Traceback (most recent call last):\n  File \"C:\\Users\\admin\\Desktop\\Microproject AIML\\backend\\multi_layer_engine.py\", line 553, in analyze\n    cache_key = self.cache_manager.create_cache_key(processed_text, config)\n                ^^^^^^^^^^^^^^^^^^^^^^^^^^^^^^^^^^^\nAttributeError: 'IntelligentCacheManager' object has no attribute 'create_cache_key'"}
{"timestamp": "2025-10-15T21:26:43.881810", "level": "ERROR", "logger": "multi_layer_engine", "message": "Failed multi_layer_analysis_2: exceptions must derive from BaseException", "module": "logging_config", "function": "__exit__", "line": 338, "processing_time": 0.001555, "error_type": "TypeError"}
{"timestamp": "2025-10-15T21:26:43.882240", "level": "ERROR", "logger": "errors", "message": "Analysis error: exceptions must derive from BaseException", "module": "logging_config", "function": "log_analysis_error", "line": 146}
{"timestamp": "2025-10-15T21:26:43.882691", "level": "ERROR", "logger": "enhanced_text_analysis_service", "message": "Enhanced analysis failed: exceptions must derive from BaseException", "module": "enhanced_text_analysis_service", "function": "analyze_text", "line": 239, "processing_time": 0.0020503997802734375, "error_type": "TypeError", "text_length": 75, "exception": "Traceback (most recent call last):\n  File \"C:\\Users\\admin\\Desktop\\Microproject AIML\\backend\\multi_layer_engine.py\", line 553, in analyze\n    cache_key = self.cache_manager.create_cache_key(processed_text, config)\n                ^^^^^^^^^^^^^^^^^^^^^^^^^^^^^^^^^^^\nAttributeError: 'IntelligentCacheManager' object has no attribute 'create_cache_key'\n\nDuring handling of the above exception, another exception occurred:\n\nTraceback (most recent call last):\n  File \"C:\\Users\\admin\\Desktop\\Microproject AIML\\backend\\enhanced_text_analysis_service.py\", line 190, in analyze_text\n    result = self.engine.analyze(text, analysis_config)\n  File \"C:\\Users\\admin\\Desktop\\Microproject AIML\\backend\\multi_layer_engine.py\", line 657, in analyze\n    raise AnalysisError(\n    ...<3 lines>...\n    )\nTypeError: exceptions must derive from BaseException"}
{"timestamp": "2025-10-15T21:26:43.888095", "level": "ERROR", "logger": "multi_layer_engine", "message": "Multi-layer analysis failed: 'IntelligentCacheManager' object has no attribute 'create_cache_key'", "module": "multi_layer_engine", "function": "analyze", "line": 640, "processing_time": 5.8650970458984375e-05, "error_type": "AttributeError", "text_length": 78, "exception": "Traceback (most recent call last):\n  File \"C:\\Users\\admin\\Desktop\\Microproject AIML\\backend\\multi_layer_engine.py\", line 553, in analyze\n    cache_key = self.cache_manager.create_cache_key(processed_text, config)\n                ^^^^^^^^^^^^^^^^^^^^^^^^^^^^^^^^^^^\nAttributeError: 'IntelligentCacheManager' object has no attribute 'create_cache_key'"}
{"timestamp": "2025-10-15T21:26:43.889897", "level": "ERROR", "logger": "multi_layer_engine", "message": "Failed multi_layer_analysis_3: exceptions must derive from BaseException", "module": "logging_config", "function": "__exit__", "line": 338, "processing_time": 0.001823, "error_type": "TypeError"}
{"timestamp": "2025-10-15T21:26:43.890228", "level": "ERROR", "logger": "errors", "message": "Analysis error: exceptions must derive from BaseException", "module": "logging_config", "function": "log_analysis_error", "line": 146}
{"timestamp": "2025-10-15T21:26:43.890498", "level": "ERROR", "logger": "enhanced_text_analysis_service", "message": "Enhanced analysis failed: exceptions must derive from BaseException", "module": "enhanced_text_analysis_service", "function": "analyze_text", "line": 239, "processing_time": 0.0022449493408203125, "error_type": "TypeError", "text_length": 78, "exception": "Traceback (most recent call last):\n  File \"C:\\Users\\admin\\Desktop\\Microproject AIML\\backend\\multi_layer_engine.py\", line 553, in analyze\n    cache_key = self.cache_manager.create_cache_key(processed_text, config)\n                ^^^^^^^^^^^^^^^^^^^^^^^^^^^^^^^^^^^\nAttributeError: 'IntelligentCacheManager' object has no attribute 'create_cache_key'\n\nDuring handling of the above exception, another exception occurred:\n\nTraceback (most recent call last):\n  File \"C:\\Users\\admin\\Desktop\\Microproject AIML\\backend\\enhanced_text_analysis_service.py\", line 190, in analyze_text\n    result = self.engine.analyze(text, analysis_config)\n  File \"C:\\Users\\admin\\Desktop\\Microproject AIML\\backend\\multi_layer_engine.py\", line 657, in analyze\n    raise AnalysisError(\n    ...<3 lines>...\n    )\nTypeError: exceptions must derive from BaseException"}
{"timestamp": "2025-10-15T21:26:43.894773", "level": "ERROR", "logger": "multi_layer_engine", "message": "Multi-layer analysis failed: 'IntelligentCacheManager' object has no attribute 'create_cache_key'", "module": "multi_layer_engine", "function": "analyze", "line": 640, "processing_time": 5.1975250244140625e-05, "error_type": "AttributeError", "text_length": 80, "exception": "Traceback (most recent call last):\n  File \"C:\\Users\\admin\\Desktop\\Microproject AIML\\backend\\multi_layer_engine.py\", line 553, in analyze\n    cache_key = self.cache_manager.create_cache_key(processed_text, config)\n                ^^^^^^^^^^^^^^^^^^^^^^^^^^^^^^^^^^^\nAttributeError: 'IntelligentCacheManager' object has no attribute 'create_cache_key'"}
{"timestamp": "2025-10-15T21:26:43.896273", "level": "ERROR", "logger": "multi_layer_engine", "message": "Failed multi_layer_analysis_4: exceptions must derive from BaseException", "module": "logging_config", "function": "__exit__", "line": 338, "processing_time": 0.001516, "error_type": "TypeError"}
{"timestamp": "2025-10-15T21:26:43.896566", "level": "ERROR", "logger": "errors", "message": "Analysis error: exceptions must derive from BaseException", "module": "logging_config", "function": "log_analysis_error", "line": 146}
{"timestamp": "2025-10-15T21:26:43.896898", "level": "ERROR", "logger": "enhanced_text_analysis_service", "message": "Enhanced analysis failed: exceptions must derive from BaseException", "module": "enhanced_text_analysis_service", "function": "analyze_text", "line": 239, "processing_time": 0.0018887519836425781, "error_type": "TypeError", "text_length": 80, "exception": "Traceback (most recent call last):\n  File \"C:\\Users\\admin\\Desktop\\Microproject AIML\\backend\\multi_layer_engine.py\", line 553, in analyze\n    cache_key = self.cache_manager.create_cache_key(processed_text, config)\n                ^^^^^^^^^^^^^^^^^^^^^^^^^^^^^^^^^^^\nAttributeError: 'IntelligentCacheManager' object has no attribute 'create_cache_key'\n\nDuring handling of the above exception, another exception occurred:\n\nTraceback (most recent call last):\n  File \"C:\\Users\\admin\\Desktop\\Microproject AIML\\backend\\enhanced_text_analysis_service.py\", line 190, in analyze_text\n    result = self.engine.analyze(text, analysis_config)\n  File \"C:\\Users\\admin\\Desktop\\Microproject AIML\\backend\\multi_layer_engine.py\", line 657, in analyze\n    raise AnalysisError(\n    ...<3 lines>...\n    )\nTypeError: exceptions must derive from BaseException"}
{"timestamp": "2025-10-15T21:26:43.901316", "level": "WARNING", "logger": "multi_layer_engine", "message": "Cache manager health check failed: 'AdaptiveCache' object has no attribute 'get_stats'", "module": "multi_layer_engine", "function": "validate_system_health", "line": 695}
{"timestamp": "2025-10-15T21:26:43.904871", "level": "WARNING", "logger": "multi_layer_engine", "message": "Cache manager health check failed: 'AdaptiveCache' object has no attribute 'get_stats'", "module": "multi_layer_engine", "function": "validate_system_health", "line": 695}
{"timestamp": "2025-10-15T21:26:43.929795", "level": "INFO", "logger": "domain_vocabulary", "message": "Domain vocabulary initialized with 67 technical terms", "module": "domain_vocabulary", "function": "__init__", "line": 86}
{"timestamp": "2025-10-15T21:26:43.930136", "level": "INFO", "logger": "domain_vocabulary", "message": "Enhanced domain validator initialized", "module": "domain_vocabulary", "function": "__init__", "line": 473}
{"timestamp": "2025-10-15T21:26:43.930437", "level": "INFO", "logger": "confidence_scoring", "message": "Advanced confidence scorer initialized", "module": "confidence_scoring", "function": "__init__", "line": 340}
{"timestamp": "2025-10-15T21:26:44.056943", "level": "INFO", "logger": "enhanced_traditional_nlp_layer", "message": "Spell checker initialized with 235 technical terms", "module": "enhanced_traditional_nlp_layer", "function": "_initialize_spell_checker", "line": 149}
{"timestamp": "2025-10-15T21:26:44.057541", "level": "INFO", "logger": "enhanced_traditional_nlp_layer", "message": "Enhanced traditional NLP layer initialized", "module": "enhanced_traditional_nlp_layer", "function": "__init__", "line": 561}
{"timestamp": "2025-10-15T21:26:44.061335", "level": "ERROR", "logger": "enhanced_traditional_nlp_layer", "message": "NLP detection task failed: 'WordFrequency' object has no attribute 'get'", "module": "enhanced_traditional_nlp_layer", "function": "_detect_parallel", "line": 655}
{"timestamp": "2025-10-15T21:26:44.063009", "level": "WARNING", "logger": "enhanced_traditional_nlp_layer", "message": "Java not available: [WinError 2] The system cannot find the file specified", "module": "enhanced_traditional_nlp_layer", "function": "check_java_availability", "line": 79}
{"timestamp": "2025-10-15T21:26:44.063302", "level": "INFO", "logger": "enhanced_traditional_nlp_layer", "message": "Using fallback grammar checking (Java not available)", "module": "enhanced_traditional_nlp_layer", "function": "check_grammar", "line": 431}
{"timestamp": "2025-10-15T21:26:44.065596", "level": "INFO", "logger": "enhanced_traditional_nlp_layer", "message": "Traditional NLP layer cleanup completed", "module": "enhanced_traditional_nlp_layer", "function": "cleanup", "line": 800}
{"timestamp": "2025-10-15T21:27:55.674350", "level": "INFO", "logger": "root", "message": "Enhanced typo detection system logging initialized", "module": "logging_config", "function": "setup_logging", "line": 237}
{"timestamp": "2025-10-15T21:27:58.254685", "level": "INFO", "logger": "root", "message": "Enhanced typo detection system logging initialized", "module": "logging_config", "function": "setup_logging", "line": 237}
{"timestamp": "2025-10-15T21:27:58.256137", "level": "INFO", "logger": "intelligent_cache", "message": "Intelligent cache manager initialized", "module": "intelligent_cache", "function": "__init__", "line": 477}
{"timestamp": "2025-10-15T21:27:58.256641", "level": "INFO", "logger": "domain_vocabulary", "message": "Domain vocabulary initialized with 67 technical terms", "module": "domain_vocabulary", "function": "__init__", "line": 86}
{"timestamp": "2025-10-15T21:27:58.256917", "level": "INFO", "logger": "domain_vocabulary", "message": "Enhanced domain validator initialized", "module": "domain_vocabulary", "function": "__init__", "line": 473}
{"timestamp": "2025-10-15T21:27:58.257228", "level": "INFO", "logger": "confidence_scoring", "message": "Advanced confidence scorer initialized", "module": "confidence_scoring", "function": "__init__", "line": 340}
{"timestamp": "2025-10-15T21:27:58.257510", "level": "INFO", "logger": "ensemble_validation", "message": "Advanced ensemble validator initialized", "module": "ensemble_validation", "function": "__init__", "line": 444}
{"timestamp": "2025-10-15T21:27:58.257823", "level": "INFO", "logger": "multi_layer_engine", "message": "Multi-layer detection engine initialized", "module": "multi_layer_engine", "function": "__init__", "line": 528}
{"timestamp": "2025-10-15T21:27:58.258427", "level": "INFO", "logger": "domain_vocabulary", "message": "Domain vocabulary initialized with 67 technical terms", "module": "domain_vocabulary", "function": "__init__", "line": 86}
{"timestamp": "2025-10-15T21:27:58.258793", "level": "INFO", "logger": "domain_vocabulary", "message": "Enhanced domain validator initialized", "module": "domain_vocabulary", "function": "__init__", "line": 473}
{"timestamp": "2025-10-15T21:27:58.259079", "level": "INFO", "logger": "confidence_scoring", "message": "Advanced confidence scorer initialized", "module": "confidence_scoring", "function": "__init__", "line": 340}
{"timestamp": "2025-10-15T21:27:58.437160", "level": "INFO", "logger": "enhanced_traditional_nlp_layer", "message": "Spell checker initialized with 235 technical terms", "module": "enhanced_traditional_nlp_layer", "function": "_initialize_spell_checker", "line": 149}
{"timestamp": "2025-10-15T21:27:58.437709", "level": "INFO", "logger": "enhanced_traditional_nlp_layer", "message": "Enhanced traditional NLP layer initialized", "module": "enhanced_traditional_nlp_layer", "function": "__init__", "line": 565}
{"timestamp": "2025-10-15T21:27:58.438056", "level": "INFO", "logger": "multi_layer_engine", "message": "Registered detection layer: DetectionLayer.TRADITIONAL_NLP", "module": "multi_layer_engine", "function": "register_layer", "line": 222}
{"timestamp": "2025-10-15T21:27:58.438325", "level": "INFO", "logger": "enhanced_text_analysis_service", "message": "Traditional NLP layer registered", "module": "enhanced_text_analysis_service", "function": "_initialize_detection_layers", "line": 133}
{"timestamp": "2025-10-15T21:27:58.438621", "level": "INFO", "logger": "confidence_scoring", "message": "Advanced confidence scorer initialized", "module": "confidence_scoring", "function": "__init__", "line": 340}
{"timestamp": "2025-10-15T21:27:58.439443", "level": "INFO", "logger": "domain_vocabulary", "message": "Domain vocabulary initialized with 67 technical terms", "module": "domain_vocabulary", "function": "__init__", "line": 86}
{"timestamp": "2025-10-15T21:27:58.439822", "level": "INFO", "logger": "domain_vocabulary", "message": "Enhanced domain validator initialized", "module": "domain_vocabulary", "function": "__init__", "line": 473}
{"timestamp": "2025-10-15T21:28:03.573251", "level": "INFO", "logger": "enhanced_gector_layer", "message": "Loading primary model: vennify/t5-base-grammar-correction", "module": "enhanced_gector_layer", "function": "load_primary_model", "line": 68}
{"timestamp": "2025-10-15T21:28:06.523105", "level": "INFO", "logger": "enhanced_gector_layer", "message": "Primary model loaded successfully on cpu", "module": "enhanced_gector_layer", "function": "load_primary_model", "line": 90}
{"timestamp": "2025-10-15T21:28:06.523495", "level": "INFO", "logger": "enhanced_gector_layer", "message": "Primary model loaded successfully", "module": "enhanced_gector_layer", "function": "_initialize_models", "line": 438}
{"timestamp": "2025-10-15T21:28:06.523767", "level": "INFO", "logger": "enhanced_gector_layer", "message": "Enhanced GECToR layer initialized", "module": "enhanced_gector_layer", "function": "__init__", "line": 424}
{"timestamp": "2025-10-15T21:28:06.524045", "level": "INFO", "logger": "multi_layer_engine", "message": "Registered detection layer: DetectionLayer.GECTOR_TRANSFORMER", "module": "multi_layer_engine", "function": "register_layer", "line": 222}
{"timestamp": "2025-10-15T21:28:06.524326", "level": "INFO", "logger": "enhanced_text_analysis_service", "message": "GECToR layer registered", "module": "enhanced_text_analysis_service", "function": "_initialize_detection_layers", "line": 146}
{"timestamp": "2025-10-15T21:28:06.524617", "level": "INFO", "logger": "multi_layer_engine", "message": "Registered detection layer: DetectionLayer.DOMAIN_VALIDATION", "module": "multi_layer_engine", "function": "register_layer", "line": 222}
{"timestamp": "2025-10-15T21:28:06.524949", "level": "INFO", "logger": "enhanced_text_analysis_service", "message": "Domain validation layer registered", "module": "enhanced_text_analysis_service", "function": "_initialize_detection_layers", "line": 155}
{"timestamp": "2025-10-15T21:28:06.525221", "level": "INFO", "logger": "enhanced_text_analysis_service", "message": "Enhanced Text Analysis Service initialized successfully", "module": "enhanced_text_analysis_service", "function": "__init__", "line": 119}
{"timestamp": "2025-10-15T21:28:06.543672", "level": "WARNING", "logger": "enhanced_traditional_nlp_layer", "message": "Java not available: [WinError 2] The system cannot find the file specified", "module": "enhanced_traditional_nlp_layer", "function": "check_java_availability", "line": 79}
{"timestamp": "2025-10-15T21:28:06.544145", "level": "INFO", "logger": "enhanced_traditional_nlp_layer", "message": "Using fallback grammar checking (Java not available)", "module": "enhanced_traditional_nlp_layer", "function": "check_grammar", "line": 435}
{"timestamp": "2025-10-15T21:28:09.022105", "level": "ERROR", "logger": "enhanced_gector_layer", "message": "Chunk processing failed: 'EnhancedDomainValidator' object has no attribute 'validation_rules'", "module": "enhanced_gector_layer", "function": "_process_chunk", "line": 559}
{"timestamp": "2025-10-15T21:28:09.024765", "level": "INFO", "logger": "multi_layer_engine", "message": "Analysis completed: 0 typos, 0 grammar issues", "module": "multi_layer_engine", "function": "analyze", "line": 625, "processing_time": 2.4980859756469727}
{"timestamp": "2025-10-15T21:28:09.025228", "level": "INFO", "logger": "multi_layer_engine", "message": "Completed multi_layer_analysis_1", "module": "logging_config", "function": "__exit__", "line": 329, "processing_time": 2.499004}
{"timestamp": "2025-10-15T21:28:09.025840", "level": "INFO", "logger": "performance", "message": "Analysis completed", "module": "logging_config", "function": "log_analysis_performance", "line": 71, "processing_time": 2.4998350143432617, "text_length": 99}
{"timestamp": "2025-10-15T21:28:09.026542", "level": "INFO", "logger": "enhanced_text_analysis_service", "message": "Enhanced analysis completed: 0 typos, 0 grammar issues", "module": "enhanced_text_analysis_service", "function": "analyze_text", "line": 216, "processing_time": 2.4998350143432617, "text_length": 99}
{"timestamp": "2025-10-15T21:28:09.033538", "level": "INFO", "logger": "enhanced_traditional_nlp_layer", "message": "Using fallback grammar checking (Java not available)", "module": "enhanced_traditional_nlp_layer", "function": "check_grammar", "line": 435}
{"timestamp": "2025-10-15T21:28:10.325597", "level": "ERROR", "logger": "enhanced_gector_layer", "message": "Chunk processing failed: 'EnhancedDomainValidator' object has no attribute 'validation_rules'", "module": "enhanced_gector_layer", "function": "_process_chunk", "line": 559}
{"timestamp": "2025-10-15T21:28:10.327837", "level": "INFO", "logger": "multi_layer_engine", "message": "Analysis completed: 0 typos, 1 grammar issues", "module": "multi_layer_engine", "function": "analyze", "line": 625, "processing_time": 1.2995831966400146}
{"timestamp": "2025-10-15T21:28:10.328205", "level": "INFO", "logger": "multi_layer_engine", "message": "Completed multi_layer_analysis_2", "module": "logging_config", "function": "__exit__", "line": 329, "processing_time": 1.300176}
{"timestamp": "2025-10-15T21:28:10.328689", "level": "INFO", "logger": "performance", "message": "Analysis completed", "module": "logging_config", "function": "log_analysis_performance", "line": 71, "processing_time": 1.3007726669311523, "text_length": 75}
{"timestamp": "2025-10-15T21:28:10.329544", "level": "INFO", "logger": "enhanced_text_analysis_service", "message": "Enhanced analysis completed: 0 typos, 1 grammar issues", "module": "enhanced_text_analysis_service", "function": "analyze_text", "line": 216, "processing_time": 1.3007726669311523, "text_length": 75}
{"timestamp": "2025-10-15T21:28:10.336263", "level": "INFO", "logger": "enhanced_traditional_nlp_layer", "message": "Using fallback grammar checking (Java not available)", "module": "enhanced_traditional_nlp_layer", "function": "check_grammar", "line": 435}
{"timestamp": "2025-10-15T21:28:11.844643", "level": "ERROR", "logger": "enhanced_gector_layer", "message": "Chunk processing failed: 'EnhancedDomainValidator' object has no attribute 'validation_rules'", "module": "enhanced_gector_layer", "function": "_process_chunk", "line": 559}
{"timestamp": "2025-10-15T21:28:11.846800", "level": "INFO", "logger": "multi_layer_engine", "message": "Analysis completed: 0 typos, 0 grammar issues", "module": "multi_layer_engine", "function": "analyze", "line": 625, "processing_time": 1.514998197555542}
{"timestamp": "2025-10-15T21:28:11.847219", "level": "INFO", "logger": "multi_layer_engine", "message": "Completed multi_layer_analysis_3", "module": "logging_config", "function": "__exit__", "line": 329, "processing_time": 1.515661}
{"timestamp": "2025-10-15T21:28:11.847550", "level": "INFO", "logger": "performance", "message": "Analysis completed", "module": "logging_config", "function": "log_analysis_performance", "line": 71, "processing_time": 1.5160977840423584, "text_length": 78}
{"timestamp": "2025-10-15T21:28:11.847889", "level": "INFO", "logger": "enhanced_text_analysis_service", "message": "Enhanced analysis completed: 0 typos, 0 grammar issues", "module": "enhanced_text_analysis_service", "function": "analyze_text", "line": 216, "processing_time": 1.5160977840423584, "text_length": 78}
{"timestamp": "2025-10-15T21:28:11.852531", "level": "INFO", "logger": "enhanced_traditional_nlp_layer", "message": "Using fallback grammar checking (Java not available)", "module": "enhanced_traditional_nlp_layer", "function": "check_grammar", "line": 435}
{"timestamp": "2025-10-15T21:28:12.788979", "level": "INFO", "logger": "multi_layer_engine", "message": "Analysis completed: 0 typos, 0 grammar issues", "module": "multi_layer_engine", "function": "analyze", "line": 625, "processing_time": 0.9397807121276855}
{"timestamp": "2025-10-15T21:28:12.789469", "level": "INFO", "logger": "multi_layer_engine", "message": "Completed multi_layer_analysis_4", "module": "logging_config", "function": "__exit__", "line": 329, "processing_time": 0.940495}
{"timestamp": "2025-10-15T21:28:12.789768", "level": "INFO", "logger": "performance", "message": "Analysis completed", "module": "logging_config", "function": "log_analysis_performance", "line": 71, "processing_time": 0.940880537033081, "text_length": 80}
{"timestamp": "2025-10-15T21:28:12.790371", "level": "INFO", "logger": "enhanced_text_analysis_service", "message": "Enhanced analysis completed: 0 typos, 0 grammar issues", "module": "enhanced_text_analysis_service", "function": "analyze_text", "line": 216, "processing_time": 0.940880537033081, "text_length": 80}
{"timestamp": "2025-10-15T21:28:12.794553", "level": "INFO", "logger": "enhanced_text_analysis_service", "message": "Starting system performance optimization", "module": "enhanced_text_analysis_service", "function": "optimize_performance", "line": 320}
{"timestamp": "2025-10-15T21:28:12.794909", "level": "INFO", "logger": "multi_layer_engine", "message": "Starting performance optimization", "module": "multi_layer_engine", "function": "optimize_performance", "line": 714}
{"timestamp": "2025-10-15T21:28:12.795225", "level": "ERROR", "logger": "enhanced_text_analysis_service", "message": "Performance optimization failed: 'AdaptiveCache' object has no attribute 'lock'", "module": "enhanced_text_analysis_service", "function": "optimize_performance", "line": 340}
{"timestamp": "2025-10-15T21:28:12.796348", "level": "INFO", "logger": "enhanced_text_analysis_service", "message": "Starting system cleanup", "module": "enhanced_text_analysis_service", "function": "cleanup", "line": 394}
{"timestamp": "2025-10-15T21:28:12.801164", "level": "INFO", "logger": "multi_layer_engine", "message": "Unregistered detection layer: DetectionLayer.TRADITIONAL_NLP", "module": "multi_layer_engine", "function": "unregister_layer", "line": 671}
{"timestamp": "2025-10-15T21:28:13.037973", "level": "INFO", "logger": "multi_layer_engine", "message": "Unregistered detection layer: DetectionLayer.GECTOR_TRANSFORMER", "module": "multi_layer_engine", "function": "unregister_layer", "line": 671}
{"timestamp": "2025-10-15T21:28:13.038726", "level": "INFO", "logger": "multi_layer_engine", "message": "Unregistered detection layer: DetectionLayer.DOMAIN_VALIDATION", "module": "multi_layer_engine", "function": "unregister_layer", "line": 671}
{"timestamp": "2025-10-15T21:28:13.039487", "level": "ERROR", "logger": "enhanced_text_analysis_service", "message": "System cleanup failed: 'AdaptiveCache' object has no attribute 'clear'", "module": "enhanced_text_analysis_service", "function": "cleanup", "line": 407}
{"timestamp": "2025-10-15T21:28:13.041388", "level": "INFO", "logger": "domain_vocabulary", "message": "Domain vocabulary initialized with 67 technical terms", "module": "domain_vocabulary", "function": "__init__", "line": 86}
{"timestamp": "2025-10-15T21:28:13.041712", "level": "INFO", "logger": "domain_vocabulary", "message": "Enhanced domain validator initialized", "module": "domain_vocabulary", "function": "__init__", "line": 473}
{"timestamp": "2025-10-15T21:28:13.041983", "level": "INFO", "logger": "confidence_scoring", "message": "Advanced confidence scorer initialized", "module": "confidence_scoring", "function": "__init__", "line": 340}
{"timestamp": "2025-10-15T21:28:13.234170", "level": "INFO", "logger": "enhanced_traditional_nlp_layer", "message": "Spell checker initialized with 235 technical terms", "module": "enhanced_traditional_nlp_layer", "function": "_initialize_spell_checker", "line": 149}
{"timestamp": "2025-10-15T21:28:13.234681", "level": "INFO", "logger": "enhanced_traditional_nlp_layer", "message": "Enhanced traditional NLP layer initialized", "module": "enhanced_traditional_nlp_layer", "function": "__init__", "line": 565}
{"timestamp": "2025-10-15T21:28:13.239259", "level": "WARNING", "logger": "enhanced_traditional_nlp_layer", "message": "Java not available: [WinError 2] The system cannot find the file specified", "module": "enhanced_traditional_nlp_layer", "function": "check_java_availability", "line": 79}
{"timestamp": "2025-10-15T21:28:13.239674", "level": "INFO", "logger": "enhanced_traditional_nlp_layer", "message": "Using fallback grammar checking (Java not available)", "module": "enhanced_traditional_nlp_layer", "function": "check_grammar", "line": 435}
{"timestamp": "2025-10-15T21:28:13.241887", "level": "INFO", "logger": "enhanced_traditional_nlp_layer", "message": "Traditional NLP layer cleanup completed", "module": "enhanced_traditional_nlp_layer", "function": "cleanup", "line": 804}
{"timestamp": "2025-10-15T21:29:21.134354", "level": "INFO", "logger": "root", "message": "Enhanced typo detection system logging initialized", "module": "logging_config", "function": "setup_logging", "line": 237}
{"timestamp": "2025-10-15T21:29:23.549273", "level": "INFO", "logger": "root", "message": "Enhanced typo detection system logging initialized", "module": "logging_config", "function": "setup_logging", "line": 237}
{"timestamp": "2025-10-15T21:29:23.550981", "level": "INFO", "logger": "intelligent_cache", "message": "Intelligent cache manager initialized", "module": "intelligent_cache", "function": "__init__", "line": 477}
{"timestamp": "2025-10-15T21:29:23.551416", "level": "INFO", "logger": "domain_vocabulary", "message": "Domain vocabulary initialized with 67 technical terms", "module": "domain_vocabulary", "function": "__init__", "line": 86}
{"timestamp": "2025-10-15T21:29:23.551719", "level": "INFO", "logger": "domain_vocabulary", "message": "Enhanced domain validator initialized", "module": "domain_vocabulary", "function": "__init__", "line": 473}
{"timestamp": "2025-10-15T21:29:23.551900", "level": "INFO", "logger": "confidence_scoring", "message": "Advanced confidence scorer initialized", "module": "confidence_scoring", "function": "__init__", "line": 340}
{"timestamp": "2025-10-15T21:29:23.552216", "level": "INFO", "logger": "ensemble_validation", "message": "Advanced ensemble validator initialized", "module": "ensemble_validation", "function": "__init__", "line": 444}
{"timestamp": "2025-10-15T21:29:23.552786", "level": "INFO", "logger": "multi_layer_engine", "message": "Multi-layer detection engine initialized", "module": "multi_layer_engine", "function": "__init__", "line": 528}
{"timestamp": "2025-10-15T21:29:23.553923", "level": "INFO", "logger": "domain_vocabulary", "message": "Domain vocabulary initialized with 67 technical terms", "module": "domain_vocabulary", "function": "__init__", "line": 86}
{"timestamp": "2025-10-15T21:29:23.554277", "level": "INFO", "logger": "domain_vocabulary", "message": "Enhanced domain validator initialized", "module": "domain_vocabulary", "function": "__init__", "line": 473}
{"timestamp": "2025-10-15T21:29:23.554523", "level": "INFO", "logger": "confidence_scoring", "message": "Advanced confidence scorer initialized", "module": "confidence_scoring", "function": "__init__", "line": 340}
{"timestamp": "2025-10-15T21:29:23.722254", "level": "INFO", "logger": "enhanced_traditional_nlp_layer", "message": "Spell checker initialized with 235 technical terms", "module": "enhanced_traditional_nlp_layer", "function": "_initialize_spell_checker", "line": 149}
{"timestamp": "2025-10-15T21:29:23.727123", "level": "INFO", "logger": "enhanced_traditional_nlp_layer", "message": "Enhanced traditional NLP layer initialized", "module": "enhanced_traditional_nlp_layer", "function": "__init__", "line": 565}
{"timestamp": "2025-10-15T21:29:23.727627", "level": "INFO", "logger": "multi_layer_engine", "message": "Registered detection layer: DetectionLayer.TRADITIONAL_NLP", "module": "multi_layer_engine", "function": "register_layer", "line": 222}
{"timestamp": "2025-10-15T21:29:23.728053", "level": "INFO", "logger": "enhanced_text_analysis_service", "message": "Traditional NLP layer registered", "module": "enhanced_text_analysis_service", "function": "_initialize_detection_layers", "line": 133}
{"timestamp": "2025-10-15T21:29:23.728502", "level": "INFO", "logger": "confidence_scoring", "message": "Advanced confidence scorer initialized", "module": "confidence_scoring", "function": "__init__", "line": 340}
{"timestamp": "2025-10-15T21:29:23.729099", "level": "INFO", "logger": "domain_vocabulary", "message": "Domain vocabulary initialized with 67 technical terms", "module": "domain_vocabulary", "function": "__init__", "line": 86}
{"timestamp": "2025-10-15T21:29:23.729527", "level": "INFO", "logger": "domain_vocabulary", "message": "Enhanced domain validator initialized", "module": "domain_vocabulary", "function": "__init__", "line": 473}
{"timestamp": "2025-10-15T21:29:28.943263", "level": "INFO", "logger": "enhanced_gector_layer", "message": "Loading primary model: vennify/t5-base-grammar-correction", "module": "enhanced_gector_layer", "function": "load_primary_model", "line": 68}
{"timestamp": "2025-10-15T21:29:32.095579", "level": "INFO", "logger": "enhanced_gector_layer", "message": "Primary model loaded successfully on cpu", "module": "enhanced_gector_layer", "function": "load_primary_model", "line": 90}
{"timestamp": "2025-10-15T21:29:32.095984", "level": "INFO", "logger": "enhanced_gector_layer", "message": "Primary model loaded successfully", "module": "enhanced_gector_layer", "function": "_initialize_models", "line": 438}
{"timestamp": "2025-10-15T21:29:32.096210", "level": "INFO", "logger": "enhanced_gector_layer", "message": "Enhanced GECToR layer initialized", "module": "enhanced_gector_layer", "function": "__init__", "line": 424}
{"timestamp": "2025-10-15T21:29:32.096483", "level": "INFO", "logger": "multi_layer_engine", "message": "Registered detection layer: DetectionLayer.GECTOR_TRANSFORMER", "module": "multi_layer_engine", "function": "register_layer", "line": 222}
{"timestamp": "2025-10-15T21:29:32.096672", "level": "INFO", "logger": "enhanced_text_analysis_service", "message": "GECToR layer registered", "module": "enhanced_text_analysis_service", "function": "_initialize_detection_layers", "line": 146}
{"timestamp": "2025-10-15T21:29:32.096850", "level": "INFO", "logger": "multi_layer_engine", "message": "Registered detection layer: DetectionLayer.DOMAIN_VALIDATION", "module": "multi_layer_engine", "function": "register_layer", "line": 222}
{"timestamp": "2025-10-15T21:29:32.097037", "level": "INFO", "logger": "enhanced_text_analysis_service", "message": "Domain validation layer registered", "module": "enhanced_text_analysis_service", "function": "_initialize_detection_layers", "line": 155}
{"timestamp": "2025-10-15T21:29:32.097225", "level": "INFO", "logger": "enhanced_text_analysis_service", "message": "Enhanced Text Analysis Service initialized successfully", "module": "enhanced_text_analysis_service", "function": "__init__", "line": 119}
{"timestamp": "2025-10-15T21:29:32.108228", "level": "WARNING", "logger": "enhanced_traditional_nlp_layer", "message": "Java not available: [WinError 2] The system cannot find the file specified", "module": "enhanced_traditional_nlp_layer", "function": "check_java_availability", "line": 79}
{"timestamp": "2025-10-15T21:29:32.108587", "level": "INFO", "logger": "enhanced_traditional_nlp_layer", "message": "Using fallback grammar checking (Java not available)", "module": "enhanced_traditional_nlp_layer", "function": "check_grammar", "line": 435}
{"timestamp": "2025-10-15T21:29:33.522464", "level": "ERROR", "logger": "enhanced_gector_layer", "message": "Chunk processing failed: 'EnhancedDomainValidator' object has no attribute 'validation_rules'", "module": "enhanced_gector_layer", "function": "_process_chunk", "line": 559}
{"timestamp": "2025-10-15T21:29:33.525171", "level": "INFO", "logger": "multi_layer_engine", "message": "Analysis completed: 0 typos, 0 grammar issues", "module": "multi_layer_engine", "function": "analyze", "line": 625, "processing_time": 1.4270412921905518}
{"timestamp": "2025-10-15T21:29:33.525661", "level": "INFO", "logger": "multi_layer_engine", "message": "Completed multi_layer_analysis_1", "module": "logging_config", "function": "__exit__", "line": 329, "processing_time": 1.427892}
{"timestamp": "2025-10-15T21:29:33.526149", "level": "INFO", "logger": "performance", "message": "Analysis completed", "module": "logging_config", "function": "log_analysis_performance", "line": 71, "processing_time": 1.4285380840301514, "text_length": 84}
{"timestamp": "2025-10-15T21:29:33.526772", "level": "INFO", "logger": "enhanced_text_analysis_service", "message": "Enhanced analysis completed: 0 typos, 0 grammar issues", "module": "enhanced_text_analysis_service", "function": "analyze_text", "line": 216, "processing_time": 1.4285380840301514, "text_length": 84}
{"timestamp": "2025-10-15T21:29:33.528636", "level": "INFO", "logger": "enhanced_text_analysis_service", "message": "Starting system cleanup", "module": "enhanced_text_analysis_service", "function": "cleanup", "line": 394}
{"timestamp": "2025-10-15T21:29:33.536972", "level": "INFO", "logger": "multi_layer_engine", "message": "Unregistered detection layer: DetectionLayer.TRADITIONAL_NLP", "module": "multi_layer_engine", "function": "unregister_layer", "line": 671}
{"timestamp": "2025-10-15T21:29:33.812307", "level": "INFO", "logger": "multi_layer_engine", "message": "Unregistered detection layer: DetectionLayer.GECTOR_TRANSFORMER", "module": "multi_layer_engine", "function": "unregister_layer", "line": 671}
{"timestamp": "2025-10-15T21:29:33.813019", "level": "INFO", "logger": "multi_layer_engine", "message": "Unregistered detection layer: DetectionLayer.DOMAIN_VALIDATION", "module": "multi_layer_engine", "function": "unregister_layer", "line": 671}
{"timestamp": "2025-10-15T21:29:33.813595", "level": "ERROR", "logger": "enhanced_text_analysis_service", "message": "System cleanup failed: 'AdaptiveCache' object has no attribute 'clear'", "module": "enhanced_text_analysis_service", "function": "cleanup", "line": 407}
{"timestamp": "2025-10-15T21:35:08.274453", "level": "INFO", "logger": "root", "message": "Enhanced typo detection system logging initialized", "module": "logging_config", "function": "setup_logging", "line": 237}
{"timestamp": "2025-10-15T21:35:10.380501", "level": "INFO", "logger": "root", "message": "Enhanced typo detection system logging initialized", "module": "logging_config", "function": "setup_logging", "line": 237}
{"timestamp": "2025-10-15T21:35:10.381685", "level": "INFO", "logger": "intelligent_cache", "message": "Intelligent cache manager initialized", "module": "intelligent_cache", "function": "__init__", "line": 477}
{"timestamp": "2025-10-15T21:35:10.382156", "level": "INFO", "logger": "domain_vocabulary", "message": "Domain vocabulary initialized with 67 technical terms", "module": "domain_vocabulary", "function": "__init__", "line": 86}
{"timestamp": "2025-10-15T21:35:10.382426", "level": "INFO", "logger": "domain_vocabulary", "message": "Enhanced domain validator initialized", "module": "domain_vocabulary", "function": "__init__", "line": 473}
{"timestamp": "2025-10-15T21:35:10.382773", "level": "INFO", "logger": "confidence_scoring", "message": "Advanced confidence scorer initialized", "module": "confidence_scoring", "function": "__init__", "line": 340}
{"timestamp": "2025-10-15T21:35:10.383051", "level": "INFO", "logger": "ensemble_validation", "message": "Advanced ensemble validator initialized", "module": "ensemble_validation", "function": "__init__", "line": 444}
{"timestamp": "2025-10-15T21:35:10.383456", "level": "INFO", "logger": "multi_layer_engine", "message": "Multi-layer detection engine initialized", "module": "multi_layer_engine", "function": "__init__", "line": 528}
{"timestamp": "2025-10-15T21:35:10.383984", "level": "INFO", "logger": "domain_vocabulary", "message": "Domain vocabulary initialized with 67 technical terms", "module": "domain_vocabulary", "function": "__init__", "line": 86}
{"timestamp": "2025-10-15T21:35:10.384154", "level": "INFO", "logger": "domain_vocabulary", "message": "Enhanced domain validator initialized", "module": "domain_vocabulary", "function": "__init__", "line": 473}
{"timestamp": "2025-10-15T21:35:10.384349", "level": "INFO", "logger": "confidence_scoring", "message": "Advanced confidence scorer initialized", "module": "confidence_scoring", "function": "__init__", "line": 340}
{"timestamp": "2025-10-15T21:35:10.512365", "level": "INFO", "logger": "enhanced_traditional_nlp_layer", "message": "Spell checker initialized with 235 technical terms", "module": "enhanced_traditional_nlp_layer", "function": "_initialize_spell_checker", "line": 149}
{"timestamp": "2025-10-15T21:35:10.512962", "level": "INFO", "logger": "enhanced_traditional_nlp_layer", "message": "Enhanced traditional NLP layer initialized", "module": "enhanced_traditional_nlp_layer", "function": "__init__", "line": 565}
{"timestamp": "2025-10-15T21:35:10.513370", "level": "INFO", "logger": "multi_layer_engine", "message": "Registered detection layer: DetectionLayer.TRADITIONAL_NLP", "module": "multi_layer_engine", "function": "register_layer", "line": 222}
{"timestamp": "2025-10-15T21:35:10.513617", "level": "INFO", "logger": "enhanced_text_analysis_service", "message": "Traditional NLP layer registered", "module": "enhanced_text_analysis_service", "function": "_initialize_detection_layers", "line": 133}
{"timestamp": "2025-10-15T21:35:10.513934", "level": "INFO", "logger": "confidence_scoring", "message": "Advanced confidence scorer initialized", "module": "confidence_scoring", "function": "__init__", "line": 340}
{"timestamp": "2025-10-15T21:35:10.514378", "level": "INFO", "logger": "domain_vocabulary", "message": "Domain vocabulary initialized with 67 technical terms", "module": "domain_vocabulary", "function": "__init__", "line": 86}
{"timestamp": "2025-10-15T21:35:10.514681", "level": "INFO", "logger": "domain_vocabulary", "message": "Enhanced domain validator initialized", "module": "domain_vocabulary", "function": "__init__", "line": 473}
{"timestamp": "2025-10-15T21:35:14.586668", "level": "INFO", "logger": "enhanced_gector_layer", "message": "Loading primary model: vennify/t5-base-grammar-correction", "module": "enhanced_gector_layer", "function": "load_primary_model", "line": 68}
{"timestamp": "2025-10-15T21:35:17.540344", "level": "INFO", "logger": "enhanced_gector_layer", "message": "Primary model loaded successfully on cpu", "module": "enhanced_gector_layer", "function": "load_primary_model", "line": 90}
{"timestamp": "2025-10-15T21:35:17.540792", "level": "INFO", "logger": "enhanced_gector_layer", "message": "Primary model loaded successfully", "module": "enhanced_gector_layer", "function": "_initialize_models", "line": 438}
{"timestamp": "2025-10-15T21:35:17.541061", "level": "INFO", "logger": "enhanced_gector_layer", "message": "Enhanced GECToR layer initialized", "module": "enhanced_gector_layer", "function": "__init__", "line": 424}
{"timestamp": "2025-10-15T21:35:17.541333", "level": "INFO", "logger": "multi_layer_engine", "message": "Registered detection layer: DetectionLayer.GECTOR_TRANSFORMER", "module": "multi_layer_engine", "function": "register_layer", "line": 222}
{"timestamp": "2025-10-15T21:35:17.541524", "level": "INFO", "logger": "enhanced_text_analysis_service", "message": "GECToR layer registered", "module": "enhanced_text_analysis_service", "function": "_initialize_detection_layers", "line": 146}
{"timestamp": "2025-10-15T21:35:17.541770", "level": "INFO", "logger": "multi_layer_engine", "message": "Registered detection layer: DetectionLayer.DOMAIN_VALIDATION", "module": "multi_layer_engine", "function": "register_layer", "line": 222}
{"timestamp": "2025-10-15T21:35:17.542079", "level": "INFO", "logger": "enhanced_text_analysis_service", "message": "Domain validation layer registered", "module": "enhanced_text_analysis_service", "function": "_initialize_detection_layers", "line": 155}
{"timestamp": "2025-10-15T21:35:17.542346", "level": "INFO", "logger": "enhanced_text_analysis_service", "message": "Enhanced Text Analysis Service initialized successfully", "module": "enhanced_text_analysis_service", "function": "__init__", "line": 119}
{"timestamp": "2025-10-15T21:35:17.552537", "level": "WARNING", "logger": "enhanced_traditional_nlp_layer", "message": "Java not available: [WinError 2] The system cannot find the file specified", "module": "enhanced_traditional_nlp_layer", "function": "check_java_availability", "line": 79}
{"timestamp": "2025-10-15T21:35:17.553286", "level": "INFO", "logger": "enhanced_traditional_nlp_layer", "message": "Using fallback grammar checking (Java not available)", "module": "enhanced_traditional_nlp_layer", "function": "check_grammar", "line": 435}
{"timestamp": "2025-10-15T21:35:18.986895", "level": "ERROR", "logger": "enhanced_gector_layer", "message": "Chunk processing failed: 'EnhancedDomainValidator' object has no attribute 'validation_rules'", "module": "enhanced_gector_layer", "function": "_process_chunk", "line": 559}
{"timestamp": "2025-10-15T21:35:18.988293", "level": "INFO", "logger": "multi_layer_engine", "message": "Analysis completed: 0 typos, 0 grammar issues", "module": "multi_layer_engine", "function": "analyze", "line": 625, "processing_time": 1.444103717803955}
{"timestamp": "2025-10-15T21:35:18.988523", "level": "INFO", "logger": "multi_layer_engine", "message": "Completed multi_layer_analysis_1", "module": "logging_config", "function": "__exit__", "line": 329, "processing_time": 1.444497}
{"timestamp": "2025-10-15T21:35:18.988731", "level": "INFO", "logger": "performance", "message": "Analysis completed", "module": "logging_config", "function": "log_analysis_performance", "line": 71, "processing_time": 1.4449069499969482, "text_length": 99}
{"timestamp": "2025-10-15T21:35:18.989067", "level": "INFO", "logger": "enhanced_text_analysis_service", "message": "Enhanced analysis completed: 0 typos, 0 grammar issues", "module": "enhanced_text_analysis_service", "function": "analyze_text", "line": 216, "processing_time": 1.4449069499969482, "text_length": 99}
{"timestamp": "2025-10-15T21:35:18.991178", "level": "INFO", "logger": "enhanced_traditional_nlp_layer", "message": "Using fallback grammar checking (Java not available)", "module": "enhanced_traditional_nlp_layer", "function": "check_grammar", "line": 435}
{"timestamp": "2025-10-15T21:35:20.385730", "level": "ERROR", "logger": "enhanced_gector_layer", "message": "Chunk processing failed: 'EnhancedDomainValidator' object has no attribute 'validation_rules'", "module": "enhanced_gector_layer", "function": "_process_chunk", "line": 559}
{"timestamp": "2025-10-15T21:35:20.387151", "level": "INFO", "logger": "multi_layer_engine", "message": "Analysis completed: 0 typos, 0 grammar issues", "module": "multi_layer_engine", "function": "analyze", "line": 625, "processing_time": 1.3973300457000732}
{"timestamp": "2025-10-15T21:35:20.387427", "level": "INFO", "logger": "multi_layer_engine", "message": "Completed multi_layer_analysis_2", "module": "logging_config", "function": "__exit__", "line": 329, "processing_time": 1.397732}
{"timestamp": "2025-10-15T21:35:20.387661", "level": "INFO", "logger": "performance", "message": "Analysis completed", "module": "logging_config", "function": "log_analysis_performance", "line": 71, "processing_time": 1.398012399673462, "text_length": 100}
{"timestamp": "2025-10-15T21:35:20.387938", "level": "INFO", "logger": "enhanced_text_analysis_service", "message": "Enhanced analysis completed: 0 typos, 0 grammar issues", "module": "enhanced_text_analysis_service", "function": "analyze_text", "line": 216, "processing_time": 1.398012399673462, "text_length": 100}
{"timestamp": "2025-10-15T21:35:20.391430", "level": "INFO", "logger": "enhanced_traditional_nlp_layer", "message": "Using fallback grammar checking (Java not available)", "module": "enhanced_traditional_nlp_layer", "function": "check_grammar", "line": 435}
{"timestamp": "2025-10-15T21:35:21.638151", "level": "ERROR", "logger": "enhanced_gector_layer", "message": "Chunk processing failed: 'EnhancedDomainValidator' object has no attribute 'validation_rules'", "module": "enhanced_gector_layer", "function": "_process_chunk", "line": 559}
{"timestamp": "2025-10-15T21:35:21.639746", "level": "INFO", "logger": "multi_layer_engine", "message": "Analysis completed: 0 typos, 0 grammar issues", "module": "multi_layer_engine", "function": "analyze", "line": 625, "processing_time": 1.2509160041809082}
{"timestamp": "2025-10-15T21:35:21.640024", "level": "INFO", "logger": "multi_layer_engine", "message": "Completed multi_layer_analysis_3", "module": "logging_config", "function": "__exit__", "line": 329, "processing_time": 1.251333}
{"timestamp": "2025-10-15T21:35:21.640242", "level": "INFO", "logger": "performance", "message": "Analysis completed", "module": "logging_config", "function": "log_analysis_performance", "line": 71, "processing_time": 1.2516181468963623, "text_length": 94}
{"timestamp": "2025-10-15T21:35:21.640535", "level": "INFO", "logger": "enhanced_text_analysis_service", "message": "Enhanced analysis completed: 0 typos, 0 grammar issues", "module": "enhanced_text_analysis_service", "function": "analyze_text", "line": 216, "processing_time": 1.2516181468963623, "text_length": 94}
{"timestamp": "2025-10-15T21:35:21.652588", "level": "INFO", "logger": "enhanced_traditional_nlp_layer", "message": "Using fallback grammar checking (Java not available)", "module": "enhanced_traditional_nlp_layer", "function": "check_grammar", "line": 435}
{"timestamp": "2025-10-15T21:35:23.707908", "level": "ERROR", "logger": "enhanced_gector_layer", "message": "Chunk processing failed: 'EnhancedDomainValidator' object has no attribute 'validation_rules'", "module": "enhanced_gector_layer", "function": "_process_chunk", "line": 559}
{"timestamp": "2025-10-15T21:35:23.709297", "level": "INFO", "logger": "multi_layer_engine", "message": "Analysis completed: 0 typos, 0 grammar issues", "module": "multi_layer_engine", "function": "analyze", "line": 625, "processing_time": 2.0678842067718506}
{"timestamp": "2025-10-15T21:35:23.709500", "level": "INFO", "logger": "multi_layer_engine", "message": "Completed multi_layer_analysis_4", "module": "logging_config", "function": "__exit__", "line": 329, "processing_time": 2.0682}
{"timestamp": "2025-10-15T21:35:23.709652", "level": "INFO", "logger": "performance", "message": "Analysis completed", "module": "logging_config", "function": "log_analysis_performance", "line": 71, "processing_time": 2.0684099197387695, "text_length": 125}
{"timestamp": "2025-10-15T21:35:23.709852", "level": "INFO", "logger": "enhanced_text_analysis_service", "message": "Enhanced analysis completed: 0 typos, 0 grammar issues", "module": "enhanced_text_analysis_service", "function": "analyze_text", "line": 216, "processing_time": 2.0684099197387695, "text_length": 125}
{"timestamp": "2025-10-15T21:35:23.712675", "level": "INFO", "logger": "enhanced_traditional_nlp_layer", "message": "Using fallback grammar checking (Java not available)", "module": "enhanced_traditional_nlp_layer", "function": "check_grammar", "line": 435}
{"timestamp": "2025-10-15T21:35:25.411568", "level": "ERROR", "logger": "enhanced_gector_layer", "message": "Chunk processing failed: 'EnhancedDomainValidator' object has no attribute 'validation_rules'", "module": "enhanced_gector_layer", "function": "_process_chunk", "line": 559}
{"timestamp": "2025-10-15T21:35:25.412868", "level": "INFO", "logger": "multi_layer_engine", "message": "Analysis completed: 1 typos, 0 grammar issues", "module": "multi_layer_engine", "function": "analyze", "line": 625, "processing_time": 1.7022929191589355}
{"timestamp": "2025-10-15T21:35:25.413126", "level": "INFO", "logger": "multi_layer_engine", "message": "Completed multi_layer_analysis_5", "module": "logging_config", "function": "__exit__", "line": 329, "processing_time": 1.702652}
{"timestamp": "2025-10-15T21:35:25.413321", "level": "INFO", "logger": "performance", "message": "Analysis completed", "module": "logging_config", "function": "log_analysis_performance", "line": 71, "processing_time": 1.702904462814331, "text_length": 108}
{"timestamp": "2025-10-15T21:35:25.413533", "level": "INFO", "logger": "enhanced_text_analysis_service", "message": "Enhanced analysis completed: 1 typos, 0 grammar issues", "module": "enhanced_text_analysis_service", "function": "analyze_text", "line": 216, "processing_time": 1.702904462814331, "text_length": 108}
{"timestamp": "2025-10-15T21:35:25.416452", "level": "INFO", "logger": "enhanced_traditional_nlp_layer", "message": "Using fallback grammar checking (Java not available)", "module": "enhanced_traditional_nlp_layer", "function": "check_grammar", "line": 435}
{"timestamp": "2025-10-15T21:35:26.916849", "level": "ERROR", "logger": "enhanced_gector_layer", "message": "Chunk processing failed: 'EnhancedDomainValidator' object has no attribute 'validation_rules'", "module": "enhanced_gector_layer", "function": "_process_chunk", "line": 559}
{"timestamp": "2025-10-15T21:35:26.918873", "level": "INFO", "logger": "multi_layer_engine", "message": "Analysis completed: 0 typos, 0 grammar issues", "module": "multi_layer_engine", "function": "analyze", "line": 625, "processing_time": 1.5044615268707275}
{"timestamp": "2025-10-15T21:35:26.919277", "level": "INFO", "logger": "multi_layer_engine", "message": "Completed multi_layer_analysis_6", "module": "logging_config", "function": "__exit__", "line": 329, "processing_time": 1.505033}
{"timestamp": "2025-10-15T21:35:26.919503", "level": "INFO", "logger": "performance", "message": "Analysis completed", "module": "logging_config", "function": "log_analysis_performance", "line": 71, "processing_time": 1.5053236484527588, "text_length": 119}
{"timestamp": "2025-10-15T21:35:26.920154", "level": "INFO", "logger": "enhanced_text_analysis_service", "message": "Enhanced analysis completed: 0 typos, 0 grammar issues", "module": "enhanced_text_analysis_service", "function": "analyze_text", "line": 216, "processing_time": 1.5053236484527588, "text_length": 119}
{"timestamp": "2025-10-15T21:35:26.924838", "level": "INFO", "logger": "enhanced_traditional_nlp_layer", "message": "Using fallback grammar checking (Java not available)", "module": "enhanced_traditional_nlp_layer", "function": "check_grammar", "line": 435}
{"timestamp": "2025-10-15T21:35:28.280271", "level": "ERROR", "logger": "enhanced_gector_layer", "message": "Chunk processing failed: 'EnhancedDomainValidator' object has no attribute 'validation_rules'", "module": "enhanced_gector_layer", "function": "_process_chunk", "line": 559}
{"timestamp": "2025-10-15T21:35:28.281761", "level": "INFO", "logger": "multi_layer_engine", "message": "Analysis completed: 0 typos, 0 grammar issues", "module": "multi_layer_engine", "function": "analyze", "line": 625, "processing_time": 1.3599567413330078}
{"timestamp": "2025-10-15T21:35:28.281968", "level": "INFO", "logger": "multi_layer_engine", "message": "Completed multi_layer_analysis_7", "module": "logging_config", "function": "__exit__", "line": 329, "processing_time": 1.360313}
{"timestamp": "2025-10-15T21:35:28.282170", "level": "INFO", "logger": "performance", "message": "Analysis completed", "module": "logging_config", "function": "log_analysis_performance", "line": 71, "processing_time": 1.3605775833129883, "text_length": 118}
{"timestamp": "2025-10-15T21:35:28.282447", "level": "INFO", "logger": "enhanced_text_analysis_service", "message": "Enhanced analysis completed: 0 typos, 0 grammar issues", "module": "enhanced_text_analysis_service", "function": "analyze_text", "line": 216, "processing_time": 1.3605775833129883, "text_length": 118}
{"timestamp": "2025-10-15T21:35:28.286046", "level": "INFO", "logger": "enhanced_traditional_nlp_layer", "message": "Using fallback grammar checking (Java not available)", "module": "enhanced_traditional_nlp_layer", "function": "check_grammar", "line": 435}
{"timestamp": "2025-10-15T21:35:30.255807", "level": "ERROR", "logger": "enhanced_gector_layer", "message": "Chunk processing failed: 'EnhancedDomainValidator' object has no attribute 'validation_rules'", "module": "enhanced_gector_layer", "function": "_process_chunk", "line": 559}
{"timestamp": "2025-10-15T21:35:30.257245", "level": "INFO", "logger": "multi_layer_engine", "message": "Analysis completed: 0 typos, 0 grammar issues", "module": "multi_layer_engine", "function": "analyze", "line": 625, "processing_time": 1.973374605178833}
{"timestamp": "2025-10-15T21:35:30.257473", "level": "INFO", "logger": "multi_layer_engine", "message": "Completed multi_layer_analysis_8", "module": "logging_config", "function": "__exit__", "line": 329, "processing_time": 1.973749}
{"timestamp": "2025-10-15T21:35:30.257625", "level": "INFO", "logger": "performance", "message": "Analysis completed", "module": "logging_config", "function": "log_analysis_performance", "line": 71, "processing_time": 1.9739830493927002, "text_length": 152}
{"timestamp": "2025-10-15T21:35:30.257817", "level": "INFO", "logger": "enhanced_text_analysis_service", "message": "Enhanced analysis completed: 0 typos, 0 grammar issues", "module": "enhanced_text_analysis_service", "function": "analyze_text", "line": 216, "processing_time": 1.9739830493927002, "text_length": 152}
{"timestamp": "2025-10-15T21:35:30.260631", "level": "INFO", "logger": "enhanced_traditional_nlp_layer", "message": "Using fallback grammar checking (Java not available)", "module": "enhanced_traditional_nlp_layer", "function": "check_grammar", "line": 435}
{"timestamp": "2025-10-15T21:35:32.400211", "level": "ERROR", "logger": "enhanced_gector_layer", "message": "Chunk processing failed: 'EnhancedDomainValidator' object has no attribute 'validation_rules'", "module": "enhanced_gector_layer", "function": "_process_chunk", "line": 559}
{"timestamp": "2025-10-15T21:35:32.401857", "level": "INFO", "logger": "multi_layer_engine", "message": "Analysis completed: 0 typos, 0 grammar issues", "module": "multi_layer_engine", "function": "analyze", "line": 625, "processing_time": 2.1433277130126953}
{"timestamp": "2025-10-15T21:35:32.402117", "level": "INFO", "logger": "multi_layer_engine", "message": "Completed multi_layer_analysis_9", "module": "logging_config", "function": "__exit__", "line": 329, "processing_time": 2.143722}
{"timestamp": "2025-10-15T21:35:32.402354", "level": "INFO", "logger": "performance", "message": "Analysis completed", "module": "logging_config", "function": "log_analysis_performance", "line": 71, "processing_time": 2.144007682800293, "text_length": 138}
{"timestamp": "2025-10-15T21:35:32.402589", "level": "INFO", "logger": "enhanced_text_analysis_service", "message": "Enhanced analysis completed: 0 typos, 0 grammar issues", "module": "enhanced_text_analysis_service", "function": "analyze_text", "line": 216, "processing_time": 2.144007682800293, "text_length": 138}
{"timestamp": "2025-10-15T21:35:32.405925", "level": "INFO", "logger": "enhanced_traditional_nlp_layer", "message": "Using fallback grammar checking (Java not available)", "module": "enhanced_traditional_nlp_layer", "function": "check_grammar", "line": 435}
{"timestamp": "2025-10-15T21:35:35.203806", "level": "ERROR", "logger": "enhanced_gector_layer", "message": "Chunk processing failed: 'EnhancedDomainValidator' object has no attribute 'validation_rules'", "module": "enhanced_gector_layer", "function": "_process_chunk", "line": 559}
{"timestamp": "2025-10-15T21:35:35.205345", "level": "INFO", "logger": "multi_layer_engine", "message": "Analysis completed: 0 typos, 0 grammar issues", "module": "multi_layer_engine", "function": "analyze", "line": 625, "processing_time": 2.801887035369873}
{"timestamp": "2025-10-15T21:35:35.205573", "level": "INFO", "logger": "multi_layer_engine", "message": "Completed multi_layer_analysis_10", "module": "logging_config", "function": "__exit__", "line": 329, "processing_time": 2.802227}
{"timestamp": "2025-10-15T21:35:35.205744", "level": "INFO", "logger": "performance", "message": "Analysis completed", "module": "logging_config", "function": "log_analysis_performance", "line": 71, "processing_time": 2.802457809448242, "text_length": 141}
{"timestamp": "2025-10-15T21:35:35.205995", "level": "INFO", "logger": "enhanced_text_analysis_service", "message": "Enhanced analysis completed: 0 typos, 0 grammar issues", "module": "enhanced_text_analysis_service", "function": "analyze_text", "line": 216, "processing_time": 2.802457809448242, "text_length": 141}
{"timestamp": "2025-10-15T21:35:35.209228", "level": "INFO", "logger": "enhanced_traditional_nlp_layer", "message": "Using fallback grammar checking (Java not available)", "module": "enhanced_traditional_nlp_layer", "function": "check_grammar", "line": 435}
{"timestamp": "2025-10-15T21:35:37.315012", "level": "ERROR", "logger": "enhanced_gector_layer", "message": "Chunk processing failed: 'EnhancedDomainValidator' object has no attribute 'validation_rules'", "module": "enhanced_gector_layer", "function": "_process_chunk", "line": 559}
{"timestamp": "2025-10-15T21:35:37.317075", "level": "INFO", "logger": "multi_layer_engine", "message": "Analysis completed: 0 typos, 0 grammar issues", "module": "multi_layer_engine", "function": "analyze", "line": 625, "processing_time": 2.1102142333984375}
{"timestamp": "2025-10-15T21:35:37.317344", "level": "INFO", "logger": "multi_layer_engine", "message": "Completed multi_layer_analysis_11", "module": "logging_config", "function": "__exit__", "line": 329, "processing_time": 2.110634}
{"timestamp": "2025-10-15T21:35:37.317561", "level": "INFO", "logger": "performance", "message": "Analysis completed", "module": "logging_config", "function": "log_analysis_performance", "line": 71, "processing_time": 2.1109187602996826, "text_length": 158}
{"timestamp": "2025-10-15T21:35:37.317989", "level": "INFO", "logger": "enhanced_text_analysis_service", "message": "Enhanced analysis completed: 0 typos, 0 grammar issues", "module": "enhanced_text_analysis_service", "function": "analyze_text", "line": 216, "processing_time": 2.1109187602996826, "text_length": 158}
{"timestamp": "2025-10-15T21:35:37.321541", "level": "INFO", "logger": "enhanced_traditional_nlp_layer", "message": "Using fallback grammar checking (Java not available)", "module": "enhanced_traditional_nlp_layer", "function": "check_grammar", "line": 435}
{"timestamp": "2025-10-15T21:35:43.594562", "level": "ERROR", "logger": "enhanced_gector_layer", "message": "Chunk processing failed: 'EnhancedDomainValidator' object has no attribute 'validation_rules'", "module": "enhanced_gector_layer", "function": "_process_chunk", "line": 559}
{"timestamp": "2025-10-15T21:35:43.595768", "level": "ERROR", "logger": "multi_layer_engine", "message": "Multi-layer analysis failed: 1 (of 3) futures unfinished", "module": "multi_layer_engine", "function": "analyze", "line": 640, "processing_time": 6.276888608932495, "error_type": "TimeoutError", "text_length": 142, "exception": "Traceback (most recent call last):\n  File \"C:\\Users\\admin\\Desktop\\Microproject AIML\\backend\\multi_layer_engine.py\", line 565, in analyze\n    layer_results = self.coordinator.execute_layers_parallel(text_chunks, config)\n  File \"C:\\Users\\admin\\Desktop\\Microproject AIML\\backend\\multi_layer_engine.py\", line 278, in execute_layers_parallel\n    for future in as_completed(future_to_layer, timeout=config.max_processing_time):\n                  ~~~~~~~~~~~~^^^^^^^^^^^^^^^^^^^^^^^^^^^^^^^^^^^^^^^^^^^^^^^^^^^^^\n  File \"C:\\Users\\admin\\AppData\\Local\\Programs\\Python\\Python313\\Lib\\concurrent\\futures\\_base.py\", line 239, in as_completed\n    raise TimeoutError(\n            '%d (of %d) futures unfinished' % (\n            len(pending), total_futures))\nTimeoutError: 1 (of 3) futures unfinished"}
{"timestamp": "2025-10-15T21:35:43.629868", "level": "ERROR", "logger": "multi_layer_engine", "message": "Failed multi_layer_analysis_12: Analysis failed: 1 (of 3) futures unfinished", "module": "logging_config", "function": "__exit__", "line": 338, "processing_time": 6.310986, "error_type": "AnalysisError"}
{"timestamp": "2025-10-15T21:35:43.630287", "level": "ERROR", "logger": "errors", "message": "Analysis error: Analysis failed: 1 (of 3) futures unfinished", "module": "logging_config", "function": "log_analysis_error", "line": 146}
{"timestamp": "2025-10-15T21:35:43.630924", "level": "ERROR", "logger": "enhanced_text_analysis_service", "message": "Enhanced analysis failed: Analysis failed: 1 (of 3) futures unfinished", "module": "enhanced_text_analysis_service", "function": "analyze_text", "line": 239, "processing_time": 6.311436176300049, "error_type": "AnalysisError", "text_length": 142, "exception": "Traceback (most recent call last):\n  File \"C:\\Users\\admin\\Desktop\\Microproject AIML\\backend\\multi_layer_engine.py\", line 565, in analyze\n    layer_results = self.coordinator.execute_layers_parallel(text_chunks, config)\n  File \"C:\\Users\\admin\\Desktop\\Microproject AIML\\backend\\multi_layer_engine.py\", line 278, in execute_layers_parallel\n    for future in as_completed(future_to_layer, timeout=config.max_processing_time):\n                  ~~~~~~~~~~~~^^^^^^^^^^^^^^^^^^^^^^^^^^^^^^^^^^^^^^^^^^^^^^^^^^^^^\n  File \"C:\\Users\\admin\\AppData\\Local\\Programs\\Python\\Python313\\Lib\\concurrent\\futures\\_base.py\", line 239, in as_completed\n    raise TimeoutError(\n            '%d (of %d) futures unfinished' % (\n            len(pending), total_futures))\nTimeoutError: 1 (of 3) futures unfinished\n\nDuring handling of the above exception, another exception occurred:\n\nTraceback (most recent call last):\n  File \"C:\\Users\\admin\\Desktop\\Microproject AIML\\backend\\enhanced_text_analysis_service.py\", line 190, in analyze_text\n    result = self.engine.analyze(text, analysis_config)\n  File \"C:\\Users\\admin\\Desktop\\Microproject AIML\\backend\\multi_layer_engine.py\", line 657, in analyze\n    raise AnalysisError(\n    ...<3 lines>...\n    )\nenhanced_models.AnalysisError: Analysis failed: 1 (of 3) futures unfinished"}
{"timestamp": "2025-10-15T21:35:43.683305", "level": "INFO", "logger": "enhanced_traditional_nlp_layer", "message": "Using fallback grammar checking (Java not available)", "module": "enhanced_traditional_nlp_layer", "function": "check_grammar", "line": 435}
{"timestamp": "2025-10-15T21:35:47.568443", "level": "ERROR", "logger": "enhanced_gector_layer", "message": "Chunk processing failed: 'EnhancedDomainValidator' object has no attribute 'validation_rules'", "module": "enhanced_gector_layer", "function": "_process_chunk", "line": 559}
{"timestamp": "2025-10-15T21:35:47.571350", "level": "INFO", "logger": "multi_layer_engine", "message": "Analysis completed: 0 typos, 0 grammar issues", "module": "multi_layer_engine", "function": "analyze", "line": 625, "processing_time": 3.930257558822632}
{"timestamp": "2025-10-15T21:35:47.572038", "level": "INFO", "logger": "multi_layer_engine", "message": "Completed multi_layer_analysis_13", "module": "logging_config", "function": "__exit__", "line": 329, "processing_time": 3.931332}
{"timestamp": "2025-10-15T21:35:47.572703", "level": "INFO", "logger": "performance", "message": "Analysis completed", "module": "logging_config", "function": "log_analysis_performance", "line": 71, "processing_time": 3.9321446418762207, "text_length": 145}
{"timestamp": "2025-10-15T21:35:47.573577", "level": "INFO", "logger": "enhanced_text_analysis_service", "message": "Enhanced analysis completed: 0 typos, 0 grammar issues", "module": "enhanced_text_analysis_service", "function": "analyze_text", "line": 216, "processing_time": 3.9321446418762207, "text_length": 145}
{"timestamp": "2025-10-15T21:35:47.579192", "level": "INFO", "logger": "enhanced_traditional_nlp_layer", "message": "Using fallback grammar checking (Java not available)", "module": "enhanced_traditional_nlp_layer", "function": "check_grammar", "line": 435}
{"timestamp": "2025-10-15T21:35:50.584288", "level": "ERROR", "logger": "enhanced_gector_layer", "message": "Chunk processing failed: 'EnhancedDomainValidator' object has no attribute 'validation_rules'", "module": "enhanced_gector_layer", "function": "_process_chunk", "line": 559}
{"timestamp": "2025-10-15T21:35:50.585993", "level": "INFO", "logger": "multi_layer_engine", "message": "Analysis completed: 0 typos, 0 grammar issues", "module": "multi_layer_engine", "function": "analyze", "line": 625, "processing_time": 3.01046085357666}
{"timestamp": "2025-10-15T21:35:50.586332", "level": "INFO", "logger": "multi_layer_engine", "message": "Completed multi_layer_analysis_14", "module": "logging_config", "function": "__exit__", "line": 329, "processing_time": 3.011039}
{"timestamp": "2025-10-15T21:35:50.586641", "level": "INFO", "logger": "performance", "message": "Analysis completed", "module": "logging_config", "function": "log_analysis_performance", "line": 71, "processing_time": 3.0113961696624756, "text_length": 142}
{"timestamp": "2025-10-15T21:35:50.587043", "level": "INFO", "logger": "enhanced_text_analysis_service", "message": "Enhanced analysis completed: 0 typos, 0 grammar issues", "module": "enhanced_text_analysis_service", "function": "analyze_text", "line": 216, "processing_time": 3.0113961696624756, "text_length": 142}
{"timestamp": "2025-10-15T21:35:50.590927", "level": "INFO", "logger": "enhanced_traditional_nlp_layer", "message": "Using fallback grammar checking (Java not available)", "module": "enhanced_traditional_nlp_layer", "function": "check_grammar", "line": 435}
{"timestamp": "2025-10-15T21:35:53.093803", "level": "ERROR", "logger": "enhanced_gector_layer", "message": "Chunk processing failed: 'EnhancedDomainValidator' object has no attribute 'validation_rules'", "module": "enhanced_gector_layer", "function": "_process_chunk", "line": 559}
{"timestamp": "2025-10-15T21:35:53.095287", "level": "INFO", "logger": "multi_layer_engine", "message": "Analysis completed: 0 typos, 0 grammar issues", "module": "multi_layer_engine", "function": "analyze", "line": 625, "processing_time": 2.507063388824463}
{"timestamp": "2025-10-15T21:35:53.095529", "level": "INFO", "logger": "multi_layer_engine", "message": "Completed multi_layer_analysis_15", "module": "logging_config", "function": "__exit__", "line": 329, "processing_time": 2.507381}
{"timestamp": "2025-10-15T21:35:53.095725", "level": "INFO", "logger": "performance", "message": "Analysis completed", "module": "logging_config", "function": "log_analysis_performance", "line": 71, "processing_time": 2.507721424102783, "text_length": 160}
{"timestamp": "2025-10-15T21:35:53.096014", "level": "INFO", "logger": "enhanced_text_analysis_service", "message": "Enhanced analysis completed: 0 typos, 0 grammar issues", "module": "enhanced_text_analysis_service", "function": "analyze_text", "line": 216, "processing_time": 2.507721424102783, "text_length": 160}
{"timestamp": "2025-10-15T21:35:53.101380", "level": "INFO", "logger": "enhanced_traditional_nlp_layer", "message": "Using fallback grammar checking (Java not available)", "module": "enhanced_traditional_nlp_layer", "function": "check_grammar", "line": 435}
{"timestamp": "2025-10-15T21:35:57.829306", "level": "ERROR", "logger": "enhanced_gector_layer", "message": "Chunk processing failed: 'EnhancedDomainValidator' object has no attribute 'validation_rules'", "module": "enhanced_gector_layer", "function": "_process_chunk", "line": 559}
{"timestamp": "2025-10-15T21:35:57.831715", "level": "INFO", "logger": "multi_layer_engine", "message": "Analysis completed: 1 typos, 0 grammar issues", "module": "multi_layer_engine", "function": "analyze", "line": 625, "processing_time": 4.73325514793396}
{"timestamp": "2025-10-15T21:35:57.832080", "level": "INFO", "logger": "multi_layer_engine", "message": "Completed multi_layer_analysis_16", "module": "logging_config", "function": "__exit__", "line": 329, "processing_time": 4.733753}
{"timestamp": "2025-10-15T21:35:57.832387", "level": "INFO", "logger": "performance", "message": "Analysis completed", "module": "logging_config", "function": "log_analysis_performance", "line": 71, "processing_time": 4.734157085418701, "text_length": 227}
{"timestamp": "2025-10-15T21:35:57.833107", "level": "INFO", "logger": "enhanced_text_analysis_service", "message": "Enhanced analysis completed: 1 typos, 0 grammar issues", "module": "enhanced_text_analysis_service", "function": "analyze_text", "line": 216, "processing_time": 4.734157085418701, "text_length": 227}
{"timestamp": "2025-10-15T21:35:57.839915", "level": "INFO", "logger": "enhanced_traditional_nlp_layer", "message": "Using fallback grammar checking (Java not available)", "module": "enhanced_traditional_nlp_layer", "function": "check_grammar", "line": 435}
{"timestamp": "2025-10-15T21:36:01.669960", "level": "ERROR", "logger": "enhanced_gector_layer", "message": "Chunk processing failed: 'EnhancedDomainValidator' object has no attribute 'validation_rules'", "module": "enhanced_gector_layer", "function": "_process_chunk", "line": 559}
{"timestamp": "2025-10-15T21:36:01.671712", "level": "INFO", "logger": "multi_layer_engine", "message": "Analysis completed: 0 typos, 0 grammar issues", "module": "multi_layer_engine", "function": "analyze", "line": 625, "processing_time": 3.835524082183838}
{"timestamp": "2025-10-15T21:36:01.672008", "level": "INFO", "logger": "multi_layer_engine", "message": "Completed multi_layer_analysis_17", "module": "logging_config", "function": "__exit__", "line": 329, "processing_time": 3.835954}
{"timestamp": "2025-10-15T21:36:01.672256", "level": "INFO", "logger": "performance", "message": "Analysis completed", "module": "logging_config", "function": "log_analysis_performance", "line": 71, "processing_time": 3.8362903594970703, "text_length": 214}
{"timestamp": "2025-10-15T21:36:01.672662", "level": "INFO", "logger": "enhanced_text_analysis_service", "message": "Enhanced analysis completed: 0 typos, 0 grammar issues", "module": "enhanced_text_analysis_service", "function": "analyze_text", "line": 216, "processing_time": 3.8362903594970703, "text_length": 214}
{"timestamp": "2025-10-15T21:36:01.675697", "level": "INFO", "logger": "enhanced_text_analysis_service", "message": "Starting system cleanup", "module": "enhanced_text_analysis_service", "function": "cleanup", "line": 394}
{"timestamp": "2025-10-15T21:36:01.679856", "level": "INFO", "logger": "multi_layer_engine", "message": "Unregistered detection layer: DetectionLayer.TRADITIONAL_NLP", "module": "multi_layer_engine", "function": "unregister_layer", "line": 671}
{"timestamp": "2025-10-15T21:36:01.910980", "level": "INFO", "logger": "multi_layer_engine", "message": "Unregistered detection layer: DetectionLayer.GECTOR_TRANSFORMER", "module": "multi_layer_engine", "function": "unregister_layer", "line": 671}
{"timestamp": "2025-10-15T21:36:01.911426", "level": "INFO", "logger": "multi_layer_engine", "message": "Unregistered detection layer: DetectionLayer.DOMAIN_VALIDATION", "module": "multi_layer_engine", "function": "unregister_layer", "line": 671}
{"timestamp": "2025-10-15T21:36:01.911745", "level": "ERROR", "logger": "enhanced_text_analysis_service", "message": "System cleanup failed: 'AdaptiveCache' object has no attribute 'clear'", "module": "enhanced_text_analysis_service", "function": "cleanup", "line": 407}
{"timestamp": "2025-10-15T21:38:05.020467", "level": "INFO", "logger": "root", "message": "Enhanced typo detection system logging initialized", "module": "logging_config", "function": "setup_logging", "line": 237}
{"timestamp": "2025-10-15T21:38:07.136375", "level": "INFO", "logger": "root", "message": "Enhanced typo detection system logging initialized", "module": "logging_config", "function": "setup_logging", "line": 237}
{"timestamp": "2025-10-15T21:38:07.138016", "level": "INFO", "logger": "intelligent_cache", "message": "Intelligent cache manager initialized", "module": "intelligent_cache", "function": "__init__", "line": 477}
{"timestamp": "2025-10-15T21:38:07.138538", "level": "INFO", "logger": "domain_vocabulary", "message": "Domain vocabulary initialized with 67 technical terms", "module": "domain_vocabulary", "function": "__init__", "line": 98}
{"timestamp": "2025-10-15T21:38:07.138879", "level": "INFO", "logger": "domain_vocabulary", "message": "Enhanced domain validator initialized", "module": "domain_vocabulary", "function": "__init__", "line": 485}
{"timestamp": "2025-10-15T21:38:07.139232", "level": "INFO", "logger": "confidence_scoring", "message": "Advanced confidence scorer initialized", "module": "confidence_scoring", "function": "__init__", "line": 340}
{"timestamp": "2025-10-15T21:38:07.139474", "level": "INFO", "logger": "ensemble_validation", "message": "Advanced ensemble validator initialized", "module": "ensemble_validation", "function": "__init__", "line": 444}
{"timestamp": "2025-10-15T21:38:07.139759", "level": "INFO", "logger": "multi_layer_engine", "message": "Multi-layer detection engine initialized", "module": "multi_layer_engine", "function": "__init__", "line": 528}
{"timestamp": "2025-10-15T21:38:07.140395", "level": "INFO", "logger": "domain_vocabulary", "message": "Domain vocabulary initialized with 67 technical terms", "module": "domain_vocabulary", "function": "__init__", "line": 98}
{"timestamp": "2025-10-15T21:38:07.140615", "level": "INFO", "logger": "domain_vocabulary", "message": "Enhanced domain validator initialized", "module": "domain_vocabulary", "function": "__init__", "line": 485}
{"timestamp": "2025-10-15T21:38:07.140878", "level": "INFO", "logger": "confidence_scoring", "message": "Advanced confidence scorer initialized", "module": "confidence_scoring", "function": "__init__", "line": 340}
{"timestamp": "2025-10-15T21:38:07.256697", "level": "INFO", "logger": "enhanced_traditional_nlp_layer", "message": "Spell checker initialized with 235 technical terms", "module": "enhanced_traditional_nlp_layer", "function": "_initialize_spell_checker", "line": 149}
{"timestamp": "2025-10-15T21:38:07.257249", "level": "INFO", "logger": "enhanced_traditional_nlp_layer", "message": "Enhanced traditional NLP layer initialized", "module": "enhanced_traditional_nlp_layer", "function": "__init__", "line": 565}
{"timestamp": "2025-10-15T21:38:07.257588", "level": "INFO", "logger": "multi_layer_engine", "message": "Registered detection layer: DetectionLayer.TRADITIONAL_NLP", "module": "multi_layer_engine", "function": "register_layer", "line": 222}
{"timestamp": "2025-10-15T21:38:07.257883", "level": "INFO", "logger": "enhanced_text_analysis_service", "message": "Traditional NLP layer registered", "module": "enhanced_text_analysis_service", "function": "_initialize_detection_layers", "line": 133}
{"timestamp": "2025-10-15T21:38:07.258188", "level": "INFO", "logger": "confidence_scoring", "message": "Advanced confidence scorer initialized", "module": "confidence_scoring", "function": "__init__", "line": 340}
{"timestamp": "2025-10-15T21:38:07.258660", "level": "INFO", "logger": "domain_vocabulary", "message": "Domain vocabulary initialized with 67 technical terms", "module": "domain_vocabulary", "function": "__init__", "line": 98}
{"timestamp": "2025-10-15T21:38:07.258980", "level": "INFO", "logger": "domain_vocabulary", "message": "Enhanced domain validator initialized", "module": "domain_vocabulary", "function": "__init__", "line": 485}
{"timestamp": "2025-10-15T21:38:11.385843", "level": "INFO", "logger": "enhanced_gector_layer", "message": "Loading primary model: vennify/t5-base-grammar-correction", "module": "enhanced_gector_layer", "function": "load_primary_model", "line": 68}
{"timestamp": "2025-10-15T21:38:13.951390", "level": "INFO", "logger": "enhanced_gector_layer", "message": "Primary model loaded successfully on cpu", "module": "enhanced_gector_layer", "function": "load_primary_model", "line": 90}
{"timestamp": "2025-10-15T21:38:13.951817", "level": "INFO", "logger": "enhanced_gector_layer", "message": "Primary model loaded successfully", "module": "enhanced_gector_layer", "function": "_initialize_models", "line": 438}
{"timestamp": "2025-10-15T21:38:13.952102", "level": "INFO", "logger": "enhanced_gector_layer", "message": "Enhanced GECToR layer initialized", "module": "enhanced_gector_layer", "function": "__init__", "line": 424}
{"timestamp": "2025-10-15T21:38:13.952363", "level": "INFO", "logger": "multi_layer_engine", "message": "Registered detection layer: DetectionLayer.GECTOR_TRANSFORMER", "module": "multi_layer_engine", "function": "register_layer", "line": 222}
{"timestamp": "2025-10-15T21:38:13.952703", "level": "INFO", "logger": "enhanced_text_analysis_service", "message": "GECToR layer registered", "module": "enhanced_text_analysis_service", "function": "_initialize_detection_layers", "line": 146}
{"timestamp": "2025-10-15T21:38:13.952996", "level": "INFO", "logger": "multi_layer_engine", "message": "Registered detection layer: DetectionLayer.DOMAIN_VALIDATION", "module": "multi_layer_engine", "function": "register_layer", "line": 222}
{"timestamp": "2025-10-15T21:38:13.953274", "level": "INFO", "logger": "enhanced_text_analysis_service", "message": "Domain validation layer registered", "module": "enhanced_text_analysis_service", "function": "_initialize_detection_layers", "line": 155}
{"timestamp": "2025-10-15T21:38:13.953513", "level": "INFO", "logger": "enhanced_text_analysis_service", "message": "Enhanced Text Analysis Service initialized successfully", "module": "enhanced_text_analysis_service", "function": "__init__", "line": 119}
{"timestamp": "2025-10-15T21:38:13.962116", "level": "WARNING", "logger": "enhanced_traditional_nlp_layer", "message": "Java not available: [WinError 2] The system cannot find the file specified", "module": "enhanced_traditional_nlp_layer", "function": "check_java_availability", "line": 79}
{"timestamp": "2025-10-15T21:38:13.962559", "level": "INFO", "logger": "enhanced_traditional_nlp_layer", "message": "Using fallback grammar checking (Java not available)", "module": "enhanced_traditional_nlp_layer", "function": "check_grammar", "line": 435}
{"timestamp": "2025-10-15T21:38:14.603241", "level": "ERROR", "logger": "enhanced_gector_layer", "message": "Chunk processing failed: 'EnhancedDomainValidator' object has no attribute 'validation_rules'", "module": "enhanced_gector_layer", "function": "_process_chunk", "line": 559}
{"timestamp": "2025-10-15T21:38:14.605274", "level": "INFO", "logger": "multi_layer_engine", "message": "Analysis completed: 1 typos, 0 grammar issues", "module": "multi_layer_engine", "function": "analyze", "line": 625, "processing_time": 0.6507432460784912}
{"timestamp": "2025-10-15T21:38:14.605564", "level": "INFO", "logger": "multi_layer_engine", "message": "Completed multi_layer_analysis_1", "module": "logging_config", "function": "__exit__", "line": 329, "processing_time": 0.651178}
{"timestamp": "2025-10-15T21:38:14.605821", "level": "INFO", "logger": "performance", "message": "Analysis completed", "module": "logging_config", "function": "log_analysis_performance", "line": 71, "processing_time": 0.6515798568725586, "text_length": 38}
{"timestamp": "2025-10-15T21:38:14.606212", "level": "INFO", "logger": "enhanced_text_analysis_service", "message": "Enhanced analysis completed: 1 typos, 0 grammar issues", "module": "enhanced_text_analysis_service", "function": "analyze_text", "line": 216, "processing_time": 0.6515798568725586, "text_length": 38}
{"timestamp": "2025-10-15T21:38:14.613942", "level": "INFO", "logger": "enhanced_traditional_nlp_layer", "message": "Using fallback grammar checking (Java not available)", "module": "enhanced_traditional_nlp_layer", "function": "check_grammar", "line": 435}
{"timestamp": "2025-10-15T21:38:15.233904", "level": "ERROR", "logger": "enhanced_gector_layer", "message": "Chunk processing failed: 'EnhancedDomainValidator' object has no attribute 'validation_rules'", "module": "enhanced_gector_layer", "function": "_process_chunk", "line": 559}
{"timestamp": "2025-10-15T21:38:15.235699", "level": "INFO", "logger": "multi_layer_engine", "message": "Analysis completed: 1 typos, 0 grammar issues", "module": "multi_layer_engine", "function": "analyze", "line": 625, "processing_time": 0.6288950443267822}
{"timestamp": "2025-10-15T21:38:15.236006", "level": "INFO", "logger": "multi_layer_engine", "message": "Completed multi_layer_analysis_2", "module": "logging_config", "function": "__exit__", "line": 329, "processing_time": 0.629308}
{"timestamp": "2025-10-15T21:38:15.236283", "level": "INFO", "logger": "performance", "message": "Analysis completed", "module": "logging_config", "function": "log_analysis_performance", "line": 71, "processing_time": 0.6296737194061279, "text_length": 44}
{"timestamp": "2025-10-15T21:38:15.236632", "level": "INFO", "logger": "enhanced_text_analysis_service", "message": "Enhanced analysis completed: 1 typos, 0 grammar issues", "module": "enhanced_text_analysis_service", "function": "analyze_text", "line": 216, "processing_time": 0.6296737194061279, "text_length": 44}
{"timestamp": "2025-10-15T21:38:15.239973", "level": "INFO", "logger": "enhanced_traditional_nlp_layer", "message": "Using fallback grammar checking (Java not available)", "module": "enhanced_traditional_nlp_layer", "function": "check_grammar", "line": 435}
{"timestamp": "2025-10-15T21:38:15.981412", "level": "INFO", "logger": "multi_layer_engine", "message": "Analysis completed: 2 typos, 0 grammar issues", "module": "multi_layer_engine", "function": "analyze", "line": 625, "processing_time": 0.74405837059021}
{"timestamp": "2025-10-15T21:38:15.981749", "level": "INFO", "logger": "multi_layer_engine", "message": "Completed multi_layer_analysis_3", "module": "logging_config", "function": "__exit__", "line": 329, "processing_time": 0.744507}
{"timestamp": "2025-10-15T21:38:15.982050", "level": "INFO", "logger": "performance", "message": "Analysis completed", "module": "logging_config", "function": "log_analysis_performance", "line": 71, "processing_time": 0.7448656558990479, "text_length": 33}
{"timestamp": "2025-10-15T21:38:15.982425", "level": "INFO", "logger": "enhanced_text_analysis_service", "message": "Enhanced analysis completed: 2 typos, 0 grammar issues", "module": "enhanced_text_analysis_service", "function": "analyze_text", "line": 216, "processing_time": 0.7448656558990479, "text_length": 33}
{"timestamp": "2025-10-15T21:38:15.986111", "level": "INFO", "logger": "enhanced_traditional_nlp_layer", "message": "Using fallback grammar checking (Java not available)", "module": "enhanced_traditional_nlp_layer", "function": "check_grammar", "line": 435}
{"timestamp": "2025-10-15T21:38:16.637481", "level": "ERROR", "logger": "enhanced_gector_layer", "message": "Chunk processing failed: 'EnhancedDomainValidator' object has no attribute 'validation_rules'", "module": "enhanced_gector_layer", "function": "_process_chunk", "line": 559}
{"timestamp": "2025-10-15T21:38:16.639003", "level": "INFO", "logger": "multi_layer_engine", "message": "Analysis completed: 2 typos, 0 grammar issues", "module": "multi_layer_engine", "function": "analyze", "line": 625, "processing_time": 0.6559000015258789}
{"timestamp": "2025-10-15T21:38:16.639244", "level": "INFO", "logger": "multi_layer_engine", "message": "Completed multi_layer_analysis_4", "module": "logging_config", "function": "__exit__", "line": 329, "processing_time": 0.65627}
{"timestamp": "2025-10-15T21:38:16.639390", "level": "INFO", "logger": "performance", "message": "Analysis completed", "module": "logging_config", "function": "log_analysis_performance", "line": 71, "processing_time": 0.656482458114624, "text_length": 52}
{"timestamp": "2025-10-15T21:38:16.639585", "level": "INFO", "logger": "enhanced_text_analysis_service", "message": "Enhanced analysis completed: 2 typos, 0 grammar issues", "module": "enhanced_text_analysis_service", "function": "analyze_text", "line": 216, "processing_time": 0.656482458114624, "text_length": 52}
{"timestamp": "2025-10-15T21:38:16.639831", "level": "INFO", "logger": "enhanced_text_analysis_service", "message": "Starting system cleanup", "module": "enhanced_text_analysis_service", "function": "cleanup", "line": 394}
{"timestamp": "2025-10-15T21:38:16.643489", "level": "INFO", "logger": "multi_layer_engine", "message": "Unregistered detection layer: DetectionLayer.TRADITIONAL_NLP", "module": "multi_layer_engine", "function": "unregister_layer", "line": 671}
{"timestamp": "2025-10-15T21:38:16.795837", "level": "INFO", "logger": "multi_layer_engine", "message": "Unregistered detection layer: DetectionLayer.GECTOR_TRANSFORMER", "module": "multi_layer_engine", "function": "unregister_layer", "line": 671}
{"timestamp": "2025-10-15T21:38:16.796335", "level": "INFO", "logger": "multi_layer_engine", "message": "Unregistered detection layer: DetectionLayer.DOMAIN_VALIDATION", "module": "multi_layer_engine", "function": "unregister_layer", "line": 671}
{"timestamp": "2025-10-15T21:38:16.796583", "level": "ERROR", "logger": "enhanced_text_analysis_service", "message": "System cleanup failed: 'AdaptiveCache' object has no attribute 'clear'", "module": "enhanced_text_analysis_service", "function": "cleanup", "line": 407}
{"timestamp": "2025-10-15T21:40:42.045947", "level": "INFO", "logger": "root", "message": "Enhanced typo detection system logging initialized", "module": "logging_config", "function": "setup_logging", "line": 237}
{"timestamp": "2025-10-15T21:40:45.917249", "level": "INFO", "logger": "root", "message": "Enhanced typo detection system logging initialized", "module": "logging_config", "function": "setup_logging", "line": 237}
{"timestamp": "2025-10-15T21:40:45.920127", "level": "INFO", "logger": "intelligent_cache", "message": "Intelligent cache manager initialized", "module": "intelligent_cache", "function": "__init__", "line": 477}
{"timestamp": "2025-10-15T21:40:45.920832", "level": "INFO", "logger": "domain_vocabulary", "message": "Domain vocabulary initialized with 67 technical terms", "module": "domain_vocabulary", "function": "__init__", "line": 98}
{"timestamp": "2025-10-15T21:40:45.921208", "level": "INFO", "logger": "domain_vocabulary", "message": "Enhanced domain validator initialized", "module": "domain_vocabulary", "function": "__init__", "line": 485}
{"timestamp": "2025-10-15T21:40:45.921688", "level": "INFO", "logger": "confidence_scoring", "message": "Advanced confidence scorer initialized", "module": "confidence_scoring", "function": "__init__", "line": 340}
{"timestamp": "2025-10-15T21:40:45.922049", "level": "INFO", "logger": "ensemble_validation", "message": "Advanced ensemble validator initialized", "module": "ensemble_validation", "function": "__init__", "line": 444}
{"timestamp": "2025-10-15T21:40:45.922566", "level": "INFO", "logger": "multi_layer_engine", "message": "Multi-layer detection engine initialized", "module": "multi_layer_engine", "function": "__init__", "line": 528}
{"timestamp": "2025-10-15T21:40:45.923547", "level": "INFO", "logger": "domain_vocabulary", "message": "Domain vocabulary initialized with 67 technical terms", "module": "domain_vocabulary", "function": "__init__", "line": 98}
{"timestamp": "2025-10-15T21:40:45.923969", "level": "INFO", "logger": "domain_vocabulary", "message": "Enhanced domain validator initialized", "module": "domain_vocabulary", "function": "__init__", "line": 485}
{"timestamp": "2025-10-15T21:40:45.924594", "level": "INFO", "logger": "confidence_scoring", "message": "Advanced confidence scorer initialized", "module": "confidence_scoring", "function": "__init__", "line": 340}
{"timestamp": "2025-10-15T21:40:46.246238", "level": "INFO", "logger": "enhanced_traditional_nlp_layer", "message": "Spell checker initialized with 235 technical terms", "module": "enhanced_traditional_nlp_layer", "function": "_initialize_spell_checker", "line": 149}
{"timestamp": "2025-10-15T21:40:46.247106", "level": "INFO", "logger": "enhanced_traditional_nlp_layer", "message": "Enhanced traditional NLP layer initialized", "module": "enhanced_traditional_nlp_layer", "function": "__init__", "line": 565}
{"timestamp": "2025-10-15T21:40:46.247637", "level": "INFO", "logger": "multi_layer_engine", "message": "Registered detection layer: DetectionLayer.TRADITIONAL_NLP", "module": "multi_layer_engine", "function": "register_layer", "line": 222}
{"timestamp": "2025-10-15T21:40:46.248192", "level": "INFO", "logger": "enhanced_text_analysis_service", "message": "Traditional NLP layer registered", "module": "enhanced_text_analysis_service", "function": "_initialize_detection_layers", "line": 133}
{"timestamp": "2025-10-15T21:40:46.249063", "level": "INFO", "logger": "confidence_scoring", "message": "Advanced confidence scorer initialized", "module": "confidence_scoring", "function": "__init__", "line": 340}
{"timestamp": "2025-10-15T21:40:46.249928", "level": "INFO", "logger": "domain_vocabulary", "message": "Domain vocabulary initialized with 67 technical terms", "module": "domain_vocabulary", "function": "__init__", "line": 98}
{"timestamp": "2025-10-15T21:40:46.250404", "level": "INFO", "logger": "domain_vocabulary", "message": "Enhanced domain validator initialized", "module": "domain_vocabulary", "function": "__init__", "line": 485}
{"timestamp": "2025-10-15T21:40:54.913687", "level": "INFO", "logger": "enhanced_gector_layer", "message": "Loading primary model: vennify/t5-base-grammar-correction", "module": "enhanced_gector_layer", "function": "load_primary_model", "line": 68}
{"timestamp": "2025-10-15T21:40:58.937997", "level": "INFO", "logger": "enhanced_gector_layer", "message": "Primary model loaded successfully on cpu", "module": "enhanced_gector_layer", "function": "load_primary_model", "line": 90}
{"timestamp": "2025-10-15T21:40:58.938623", "level": "INFO", "logger": "enhanced_gector_layer", "message": "Primary model loaded successfully", "module": "enhanced_gector_layer", "function": "_initialize_models", "line": 438}
{"timestamp": "2025-10-15T21:40:58.939087", "level": "INFO", "logger": "enhanced_gector_layer", "message": "Enhanced GECToR layer initialized", "module": "enhanced_gector_layer", "function": "__init__", "line": 424}
{"timestamp": "2025-10-15T21:40:58.939704", "level": "INFO", "logger": "multi_layer_engine", "message": "Registered detection layer: DetectionLayer.GECTOR_TRANSFORMER", "module": "multi_layer_engine", "function": "register_layer", "line": 222}
{"timestamp": "2025-10-15T21:40:58.940369", "level": "INFO", "logger": "enhanced_text_analysis_service", "message": "GECToR layer registered", "module": "enhanced_text_analysis_service", "function": "_initialize_detection_layers", "line": 146}
{"timestamp": "2025-10-15T21:40:58.941188", "level": "INFO", "logger": "multi_layer_engine", "message": "Registered detection layer: DetectionLayer.DOMAIN_VALIDATION", "module": "multi_layer_engine", "function": "register_layer", "line": 222}
{"timestamp": "2025-10-15T21:40:58.941818", "level": "INFO", "logger": "enhanced_text_analysis_service", "message": "Domain validation layer registered", "module": "enhanced_text_analysis_service", "function": "_initialize_detection_layers", "line": 155}
{"timestamp": "2025-10-15T21:40:58.942353", "level": "INFO", "logger": "enhanced_text_analysis_service", "message": "Enhanced Text Analysis Service initialized successfully", "module": "enhanced_text_analysis_service", "function": "__init__", "line": 119}
{"timestamp": "2025-10-15T21:40:58.962413", "level": "WARNING", "logger": "enhanced_traditional_nlp_layer", "message": "Java not available: [WinError 2] The system cannot find the file specified", "module": "enhanced_traditional_nlp_layer", "function": "check_java_availability", "line": 79}
{"timestamp": "2025-10-15T21:40:58.962971", "level": "INFO", "logger": "enhanced_traditional_nlp_layer", "message": "Using fallback grammar checking (Java not available)", "module": "enhanced_traditional_nlp_layer", "function": "check_grammar", "line": 435}
{"timestamp": "2025-10-15T21:41:00.367024", "level": "ERROR", "logger": "enhanced_gector_layer", "message": "Chunk processing failed: 'EnhancedDomainValidator' object has no attribute 'validation_rules'", "module": "enhanced_gector_layer", "function": "_process_chunk", "line": 559}
{"timestamp": "2025-10-15T21:41:00.369132", "level": "INFO", "logger": "multi_layer_engine", "message": "Analysis completed: 1 typos, 0 grammar issues", "module": "multi_layer_engine", "function": "analyze", "line": 625, "processing_time": 1.4251585006713867}
{"timestamp": "2025-10-15T21:41:00.369519", "level": "INFO", "logger": "multi_layer_engine", "message": "Completed multi_layer_analysis_1", "module": "logging_config", "function": "__exit__", "line": 329, "processing_time": 1.425681}
{"timestamp": "2025-10-15T21:41:00.369805", "level": "INFO", "logger": "performance", "message": "Analysis completed", "module": "logging_config", "function": "log_analysis_performance", "line": 71, "processing_time": 1.4263625144958496, "text_length": 93}
{"timestamp": "2025-10-15T21:41:00.370166", "level": "INFO", "logger": "enhanced_text_analysis_service", "message": "Enhanced analysis completed: 1 typos, 0 grammar issues", "module": "enhanced_text_analysis_service", "function": "analyze_text", "line": 216, "processing_time": 1.4263625144958496, "text_length": 93}
{"timestamp": "2025-10-15T21:41:00.375942", "level": "INFO", "logger": "enhanced_traditional_nlp_layer", "message": "Using fallback grammar checking (Java not available)", "module": "enhanced_traditional_nlp_layer", "function": "check_grammar", "line": 435}
{"timestamp": "2025-10-15T21:41:02.444139", "level": "ERROR", "logger": "enhanced_gector_layer", "message": "Chunk processing failed: 'EnhancedDomainValidator' object has no attribute 'validation_rules'", "module": "enhanced_gector_layer", "function": "_process_chunk", "line": 559}
{"timestamp": "2025-10-15T21:41:02.446544", "level": "INFO", "logger": "multi_layer_engine", "message": "Analysis completed: 3 typos, 1 grammar issues", "module": "multi_layer_engine", "function": "analyze", "line": 625, "processing_time": 2.0752313137054443}
{"timestamp": "2025-10-15T21:41:02.446961", "level": "INFO", "logger": "multi_layer_engine", "message": "Completed multi_layer_analysis_2", "module": "logging_config", "function": "__exit__", "line": 329, "processing_time": 2.075869}
{"timestamp": "2025-10-15T21:41:02.447273", "level": "INFO", "logger": "performance", "message": "Analysis completed", "module": "logging_config", "function": "log_analysis_performance", "line": 71, "processing_time": 2.0762579441070557, "text_length": 101}
{"timestamp": "2025-10-15T21:41:02.447618", "level": "INFO", "logger": "enhanced_text_analysis_service", "message": "Enhanced analysis completed: 3 typos, 1 grammar issues", "module": "enhanced_text_analysis_service", "function": "analyze_text", "line": 216, "processing_time": 2.0762579441070557, "text_length": 101}
{"timestamp": "2025-10-15T21:41:02.451457", "level": "INFO", "logger": "enhanced_traditional_nlp_layer", "message": "Using fallback grammar checking (Java not available)", "module": "enhanced_traditional_nlp_layer", "function": "check_grammar", "line": 435}
{"timestamp": "2025-10-15T21:41:04.459514", "level": "ERROR", "logger": "enhanced_gector_layer", "message": "Chunk processing failed: 'EnhancedDomainValidator' object has no attribute 'validation_rules'", "module": "enhanced_gector_layer", "function": "_process_chunk", "line": 559}
{"timestamp": "2025-10-15T21:41:04.461246", "level": "INFO", "logger": "multi_layer_engine", "message": "Analysis completed: 3 typos, 0 grammar issues", "module": "multi_layer_engine", "function": "analyze", "line": 625, "processing_time": 2.012303113937378}
{"timestamp": "2025-10-15T21:41:04.461587", "level": "INFO", "logger": "multi_layer_engine", "message": "Completed multi_layer_analysis_3", "module": "logging_config", "function": "__exit__", "line": 329, "processing_time": 2.012829}
{"timestamp": "2025-10-15T21:41:04.461900", "level": "INFO", "logger": "performance", "message": "Analysis completed", "module": "logging_config", "function": "log_analysis_performance", "line": 71, "processing_time": 2.0132133960723877, "text_length": 108}
{"timestamp": "2025-10-15T21:41:04.462176", "level": "INFO", "logger": "enhanced_text_analysis_service", "message": "Enhanced analysis completed: 3 typos, 0 grammar issues", "module": "enhanced_text_analysis_service", "function": "analyze_text", "line": 216, "processing_time": 2.0132133960723877, "text_length": 108}
{"timestamp": "2025-10-15T21:41:04.466330", "level": "INFO", "logger": "enhanced_traditional_nlp_layer", "message": "Using fallback grammar checking (Java not available)", "module": "enhanced_traditional_nlp_layer", "function": "check_grammar", "line": 435}
{"timestamp": "2025-10-15T21:41:05.482750", "level": "ERROR", "logger": "enhanced_gector_layer", "message": "Chunk processing failed: 'EnhancedDomainValidator' object has no attribute 'validation_rules'", "module": "enhanced_gector_layer", "function": "_process_chunk", "line": 559}
{"timestamp": "2025-10-15T21:41:05.484587", "level": "INFO", "logger": "multi_layer_engine", "message": "Analysis completed: 0 typos, 3 grammar issues", "module": "multi_layer_engine", "function": "analyze", "line": 625, "processing_time": 1.0210928916931152}
{"timestamp": "2025-10-15T21:41:05.484920", "level": "INFO", "logger": "multi_layer_engine", "message": "Completed multi_layer_analysis_4", "module": "logging_config", "function": "__exit__", "line": 329, "processing_time": 1.021577}
{"timestamp": "2025-10-15T21:41:05.485136", "level": "INFO", "logger": "performance", "message": "Analysis completed", "module": "logging_config", "function": "log_analysis_performance", "line": 71, "processing_time": 1.0218505859375, "text_length": 99}
{"timestamp": "2025-10-15T21:41:05.485467", "level": "INFO", "logger": "enhanced_text_analysis_service", "message": "Enhanced analysis completed: 0 typos, 3 grammar issues", "module": "enhanced_text_analysis_service", "function": "analyze_text", "line": 216, "processing_time": 1.0218505859375, "text_length": 99}
{"timestamp": "2025-10-15T21:41:05.487769", "level": "INFO", "logger": "domain_vocabulary", "message": "Domain vocabulary initialized with 67 technical terms", "module": "domain_vocabulary", "function": "__init__", "line": 98}
{"timestamp": "2025-10-15T21:41:05.487967", "level": "INFO", "logger": "domain_vocabulary", "message": "Enhanced domain validator initialized", "module": "domain_vocabulary", "function": "__init__", "line": 485}
{"timestamp": "2025-10-15T21:41:05.488332", "level": "INFO", "logger": "confidence_scoring", "message": "Advanced confidence scorer initialized", "module": "confidence_scoring", "function": "__init__", "line": 340}
{"timestamp": "2025-10-15T21:41:05.664203", "level": "INFO", "logger": "enhanced_traditional_nlp_layer", "message": "Spell checker initialized with 235 technical terms", "module": "enhanced_traditional_nlp_layer", "function": "_initialize_spell_checker", "line": 149}
{"timestamp": "2025-10-15T21:41:05.664694", "level": "INFO", "logger": "enhanced_traditional_nlp_layer", "message": "Enhanced traditional NLP layer initialized", "module": "enhanced_traditional_nlp_layer", "function": "__init__", "line": 565}
{"timestamp": "2025-10-15T21:41:05.667052", "level": "WARNING", "logger": "enhanced_traditional_nlp_layer", "message": "Java not available: [WinError 2] The system cannot find the file specified", "module": "enhanced_traditional_nlp_layer", "function": "check_java_availability", "line": 79}
{"timestamp": "2025-10-15T21:41:05.667773", "level": "INFO", "logger": "enhanced_traditional_nlp_layer", "message": "Traditional NLP layer cleanup completed", "module": "enhanced_traditional_nlp_layer", "function": "cleanup", "line": 804}
{"timestamp": "2025-10-15T21:41:05.668531", "level": "INFO", "logger": "enhanced_text_analysis_service", "message": "Starting system cleanup", "module": "enhanced_text_analysis_service", "function": "cleanup", "line": 394}
{"timestamp": "2025-10-15T21:41:05.673028", "level": "INFO", "logger": "multi_layer_engine", "message": "Unregistered detection layer: DetectionLayer.TRADITIONAL_NLP", "module": "multi_layer_engine", "function": "unregister_layer", "line": 671}
{"timestamp": "2025-10-15T21:41:05.924522", "level": "INFO", "logger": "multi_layer_engine", "message": "Unregistered detection layer: DetectionLayer.GECTOR_TRANSFORMER", "module": "multi_layer_engine", "function": "unregister_layer", "line": 671}
{"timestamp": "2025-10-15T21:41:05.925571", "level": "INFO", "logger": "multi_layer_engine", "message": "Unregistered detection layer: DetectionLayer.DOMAIN_VALIDATION", "module": "multi_layer_engine", "function": "unregister_layer", "line": 671}
{"timestamp": "2025-10-15T21:41:05.926487", "level": "ERROR", "logger": "enhanced_text_analysis_service", "message": "System cleanup failed: 'AdaptiveCache' object has no attribute 'clear'", "module": "enhanced_text_analysis_service", "function": "cleanup", "line": 407}
{"timestamp": "2025-10-15T21:43:24.500477", "level": "INFO", "logger": "root", "message": "Enhanced typo detection system logging initialized", "module": "logging_config", "function": "setup_logging", "line": 237}
{"timestamp": "2025-10-15T21:43:29.282652", "level": "INFO", "logger": "root", "message": "Enhanced typo detection system logging initialized", "module": "logging_config", "function": "setup_logging", "line": 237}
{"timestamp": "2025-10-15T21:43:29.284475", "level": "INFO", "logger": "intelligent_cache", "message": "Intelligent cache manager initialized", "module": "intelligent_cache", "function": "__init__", "line": 477}
{"timestamp": "2025-10-15T21:43:29.285201", "level": "INFO", "logger": "domain_vocabulary", "message": "Domain vocabulary initialized with 67 technical terms", "module": "domain_vocabulary", "function": "__init__", "line": 98}
{"timestamp": "2025-10-15T21:43:29.285440", "level": "INFO", "logger": "domain_vocabulary", "message": "Enhanced domain validator initialized", "module": "domain_vocabulary", "function": "__init__", "line": 485}
{"timestamp": "2025-10-15T21:43:29.285722", "level": "INFO", "logger": "confidence_scoring", "message": "Advanced confidence scorer initialized", "module": "confidence_scoring", "function": "__init__", "line": 340}
{"timestamp": "2025-10-15T21:43:29.286241", "level": "INFO", "logger": "ensemble_validation", "message": "Advanced ensemble validator initialized", "module": "ensemble_validation", "function": "__init__", "line": 444}
{"timestamp": "2025-10-15T21:43:29.286608", "level": "INFO", "logger": "multi_layer_engine", "message": "Multi-layer detection engine initialized", "module": "multi_layer_engine", "function": "__init__", "line": 528}
{"timestamp": "2025-10-15T21:43:29.287614", "level": "INFO", "logger": "domain_vocabulary", "message": "Domain vocabulary initialized with 67 technical terms", "module": "domain_vocabulary", "function": "__init__", "line": 98}
{"timestamp": "2025-10-15T21:43:29.287997", "level": "INFO", "logger": "domain_vocabulary", "message": "Enhanced domain validator initialized", "module": "domain_vocabulary", "function": "__init__", "line": 485}
{"timestamp": "2025-10-15T21:43:29.288302", "level": "INFO", "logger": "confidence_scoring", "message": "Advanced confidence scorer initialized", "module": "confidence_scoring", "function": "__init__", "line": 340}
{"timestamp": "2025-10-15T21:43:29.485492", "level": "INFO", "logger": "enhanced_traditional_nlp_layer", "message": "Spell checker initialized with 235 technical terms", "module": "enhanced_traditional_nlp_layer", "function": "_initialize_spell_checker", "line": 149}
{"timestamp": "2025-10-15T21:43:29.486671", "level": "INFO", "logger": "enhanced_traditional_nlp_layer", "message": "Enhanced traditional NLP layer initialized", "module": "enhanced_traditional_nlp_layer", "function": "__init__", "line": 565}
{"timestamp": "2025-10-15T21:43:29.487426", "level": "INFO", "logger": "multi_layer_engine", "message": "Registered detection layer: DetectionLayer.TRADITIONAL_NLP", "module": "multi_layer_engine", "function": "register_layer", "line": 222}
{"timestamp": "2025-10-15T21:43:29.488045", "level": "INFO", "logger": "enhanced_text_analysis_service", "message": "Traditional NLP layer registered", "module": "enhanced_text_analysis_service", "function": "_initialize_detection_layers", "line": 133}
{"timestamp": "2025-10-15T21:43:29.488698", "level": "INFO", "logger": "confidence_scoring", "message": "Advanced confidence scorer initialized", "module": "confidence_scoring", "function": "__init__", "line": 340}
{"timestamp": "2025-10-15T21:43:29.489665", "level": "INFO", "logger": "domain_vocabulary", "message": "Domain vocabulary initialized with 67 technical terms", "module": "domain_vocabulary", "function": "__init__", "line": 98}
{"timestamp": "2025-10-15T21:43:29.490350", "level": "INFO", "logger": "domain_vocabulary", "message": "Enhanced domain validator initialized", "module": "domain_vocabulary", "function": "__init__", "line": 485}
{"timestamp": "2025-10-15T21:43:37.434505", "level": "INFO", "logger": "enhanced_gector_layer", "message": "Loading primary model: vennify/t5-base-grammar-correction", "module": "enhanced_gector_layer", "function": "load_primary_model", "line": 68}
{"timestamp": "2025-10-15T21:43:41.004541", "level": "INFO", "logger": "enhanced_gector_layer", "message": "Primary model loaded successfully on cpu", "module": "enhanced_gector_layer", "function": "load_primary_model", "line": 90}
{"timestamp": "2025-10-15T21:43:41.005351", "level": "INFO", "logger": "enhanced_gector_layer", "message": "Primary model loaded successfully", "module": "enhanced_gector_layer", "function": "_initialize_models", "line": 438}
{"timestamp": "2025-10-15T21:43:41.005972", "level": "INFO", "logger": "enhanced_gector_layer", "message": "Enhanced GECToR layer initialized", "module": "enhanced_gector_layer", "function": "__init__", "line": 424}
{"timestamp": "2025-10-15T21:43:41.006836", "level": "INFO", "logger": "multi_layer_engine", "message": "Registered detection layer: DetectionLayer.GECTOR_TRANSFORMER", "module": "multi_layer_engine", "function": "register_layer", "line": 222}
{"timestamp": "2025-10-15T21:43:41.007456", "level": "INFO", "logger": "enhanced_text_analysis_service", "message": "GECToR layer registered", "module": "enhanced_text_analysis_service", "function": "_initialize_detection_layers", "line": 146}
{"timestamp": "2025-10-15T21:43:41.007996", "level": "INFO", "logger": "multi_layer_engine", "message": "Registered detection layer: DetectionLayer.DOMAIN_VALIDATION", "module": "multi_layer_engine", "function": "register_layer", "line": 222}
{"timestamp": "2025-10-15T21:43:41.008632", "level": "INFO", "logger": "enhanced_text_analysis_service", "message": "Domain validation layer registered", "module": "enhanced_text_analysis_service", "function": "_initialize_detection_layers", "line": 155}
{"timestamp": "2025-10-15T21:43:41.009162", "level": "INFO", "logger": "enhanced_text_analysis_service", "message": "Enhanced Text Analysis Service initialized successfully", "module": "enhanced_text_analysis_service", "function": "__init__", "line": 119}
{"timestamp": "2025-10-15T21:43:41.125109", "level": "INFO", "logger": "enhanced_traditional_nlp_layer", "message": "Java detected: version 25", "module": "enhanced_traditional_nlp_layer", "function": "check_java_availability", "line": 70}
{"timestamp": "2025-10-15T21:43:42.623375", "level": "ERROR", "logger": "enhanced_gector_layer", "message": "Chunk processing failed: 'EnhancedDomainValidator' object has no attribute 'validation_rules'", "module": "enhanced_gector_layer", "function": "_process_chunk", "line": 559}
{"timestamp": "2025-10-15T21:43:51.037923", "level": "WARNING", "logger": "enhanced_traditional_nlp_layer", "message": "NLP detection task timed out", "module": "enhanced_traditional_nlp_layer", "function": "_detect_parallel", "line": 657}
{"timestamp": "2025-10-15T21:46:28.925510", "level": "INFO", "logger": "language_tool_python.download_lt", "message": "Unzipping C:\\Users\\admin\\AppData\\Local\\Temp\\tmp5z5bolo7.zip to C:\\Users\\admin\\.cache\\language_tool_python.", "module": "download_lt", "function": "unzip_file", "line": 169}
{"timestamp": "2025-10-15T21:46:40.492056", "level": "INFO", "logger": "language_tool_python.download_lt", "message": "Downloaded https://internal1.languagetool.org/snapshots/LanguageTool-latest-snapshot.zip to C:\\Users\\admin\\.cache\\language_tool_python.", "module": "download_lt", "function": "download_zip", "line": 193}
{"timestamp": "2025-10-15T21:46:43.353179", "level": "ERROR", "logger": "enhanced_traditional_nlp_layer", "message": "LanguageTool initialization timed out", "module": "enhanced_traditional_nlp_layer", "function": "get_language_tool", "line": 106}
{"timestamp": "2025-10-15T21:46:43.354218", "level": "INFO", "logger": "enhanced_traditional_nlp_layer", "message": "Using fallback grammar checking (Java not available)", "module": "enhanced_traditional_nlp_layer", "function": "check_grammar", "line": 435}
{"timestamp": "2025-10-15T21:46:43.359187", "level": "ERROR", "logger": "multi_layer_engine", "message": "Multi-layer analysis failed: 1 (of 3) futures unfinished", "module": "multi_layer_engine", "function": "analyze", "line": 640, "processing_time": 182.34749007225037, "error_type": "TimeoutError", "text_length": 92, "exception": "Traceback (most recent call last):\n  File \"C:\\Users\\admin\\Desktop\\Microproject AIML\\backend\\multi_layer_engine.py\", line 565, in analyze\n    layer_results = self.coordinator.execute_layers_parallel(text_chunks, config)\n  File \"C:\\Users\\admin\\Desktop\\Microproject AIML\\backend\\multi_layer_engine.py\", line 278, in execute_layers_parallel\n    for future in as_completed(future_to_layer, timeout=config.max_processing_time):\n                  ~~~~~~~~~~~~^^^^^^^^^^^^^^^^^^^^^^^^^^^^^^^^^^^^^^^^^^^^^^^^^^^^^\n  File \"C:\\Users\\admin\\AppData\\Local\\Programs\\Python\\Python313\\Lib\\concurrent\\futures\\_base.py\", line 239, in as_completed\n    raise TimeoutError(\n            '%d (of %d) futures unfinished' % (\n            len(pending), total_futures))\nTimeoutError: 1 (of 3) futures unfinished"}
{"timestamp": "2025-10-15T21:46:43.372232", "level": "ERROR", "logger": "multi_layer_engine", "message": "Failed multi_layer_analysis_1: Analysis failed: 1 (of 3) futures unfinished", "module": "logging_config", "function": "__exit__", "line": 338, "processing_time": 182.36047, "error_type": "AnalysisError"}
{"timestamp": "2025-10-15T21:46:43.373139", "level": "ERROR", "logger": "errors", "message": "Analysis error: Analysis failed: 1 (of 3) futures unfinished", "module": "logging_config", "function": "log_analysis_error", "line": 146}
{"timestamp": "2025-10-15T21:46:43.374437", "level": "ERROR", "logger": "enhanced_text_analysis_service", "message": "Enhanced analysis failed: Analysis failed: 1 (of 3) futures unfinished", "module": "enhanced_text_analysis_service", "function": "analyze_text", "line": 239, "processing_time": 182.36171627044678, "error_type": "AnalysisError", "text_length": 92, "exception": "Traceback (most recent call last):\n  File \"C:\\Users\\admin\\Desktop\\Microproject AIML\\backend\\multi_layer_engine.py\", line 565, in analyze\n    layer_results = self.coordinator.execute_layers_parallel(text_chunks, config)\n  File \"C:\\Users\\admin\\Desktop\\Microproject AIML\\backend\\multi_layer_engine.py\", line 278, in execute_layers_parallel\n    for future in as_completed(future_to_layer, timeout=config.max_processing_time):\n                  ~~~~~~~~~~~~^^^^^^^^^^^^^^^^^^^^^^^^^^^^^^^^^^^^^^^^^^^^^^^^^^^^^\n  File \"C:\\Users\\admin\\AppData\\Local\\Programs\\Python\\Python313\\Lib\\concurrent\\futures\\_base.py\", line 239, in as_completed\n    raise TimeoutError(\n            '%d (of %d) futures unfinished' % (\n            len(pending), total_futures))\nTimeoutError: 1 (of 3) futures unfinished\n\nDuring handling of the above exception, another exception occurred:\n\nTraceback (most recent call last):\n  File \"C:\\Users\\admin\\Desktop\\Microproject AIML\\backend\\enhanced_text_analysis_service.py\", line 190, in analyze_text\n    result = self.engine.analyze(text, analysis_config)\n  File \"C:\\Users\\admin\\Desktop\\Microproject AIML\\backend\\multi_layer_engine.py\", line 657, in analyze\n    raise AnalysisError(\n    ...<3 lines>...\n    )\nenhanced_models.AnalysisError: Analysis failed: 1 (of 3) futures unfinished"}
{"timestamp": "2025-10-15T21:46:43.391440", "level": "INFO", "logger": "enhanced_text_analysis_service", "message": "Starting system cleanup", "module": "enhanced_text_analysis_service", "function": "cleanup", "line": 394}
{"timestamp": "2025-10-15T21:46:43.406725", "level": "INFO", "logger": "multi_layer_engine", "message": "Unregistered detection layer: DetectionLayer.TRADITIONAL_NLP", "module": "multi_layer_engine", "function": "unregister_layer", "line": 671}
{"timestamp": "2025-10-15T21:46:43.959330", "level": "INFO", "logger": "multi_layer_engine", "message": "Unregistered detection layer: DetectionLayer.GECTOR_TRANSFORMER", "module": "multi_layer_engine", "function": "unregister_layer", "line": 671}
{"timestamp": "2025-10-15T21:46:43.960871", "level": "INFO", "logger": "multi_layer_engine", "message": "Unregistered detection layer: DetectionLayer.DOMAIN_VALIDATION", "module": "multi_layer_engine", "function": "unregister_layer", "line": 671}
{"timestamp": "2025-10-15T21:46:43.961768", "level": "ERROR", "logger": "enhanced_text_analysis_service", "message": "System cleanup failed: 'AdaptiveCache' object has no attribute 'clear'", "module": "enhanced_text_analysis_service", "function": "cleanup", "line": 407}
{"timestamp": "2025-10-15T21:47:42.445574", "level": "INFO", "logger": "root", "message": "Enhanced typo detection system logging initialized", "module": "logging_config", "function": "setup_logging", "line": 237}
{"timestamp": "2025-10-15T21:47:47.358074", "level": "INFO", "logger": "root", "message": "Enhanced typo detection system logging initialized", "module": "logging_config", "function": "setup_logging", "line": 237}
{"timestamp": "2025-10-15T21:47:47.361009", "level": "INFO", "logger": "intelligent_cache", "message": "Intelligent cache manager initialized", "module": "intelligent_cache", "function": "__init__", "line": 477}
{"timestamp": "2025-10-15T21:47:47.362040", "level": "INFO", "logger": "domain_vocabulary", "message": "Domain vocabulary initialized with 67 technical terms", "module": "domain_vocabulary", "function": "__init__", "line": 98}
{"timestamp": "2025-10-15T21:47:47.362458", "level": "INFO", "logger": "domain_vocabulary", "message": "Enhanced domain validator initialized", "module": "domain_vocabulary", "function": "__init__", "line": 485}
{"timestamp": "2025-10-15T21:47:47.362932", "level": "INFO", "logger": "confidence_scoring", "message": "Advanced confidence scorer initialized", "module": "confidence_scoring", "function": "__init__", "line": 340}
{"timestamp": "2025-10-15T21:47:47.363320", "level": "INFO", "logger": "ensemble_validation", "message": "Advanced ensemble validator initialized", "module": "ensemble_validation", "function": "__init__", "line": 444}
{"timestamp": "2025-10-15T21:47:47.363844", "level": "INFO", "logger": "multi_layer_engine", "message": "Multi-layer detection engine initialized", "module": "multi_layer_engine", "function": "__init__", "line": 528}
{"timestamp": "2025-10-15T21:47:47.365033", "level": "INFO", "logger": "domain_vocabulary", "message": "Domain vocabulary initialized with 67 technical terms", "module": "domain_vocabulary", "function": "__init__", "line": 98}
{"timestamp": "2025-10-15T21:47:47.365567", "level": "INFO", "logger": "domain_vocabulary", "message": "Enhanced domain validator initialized", "module": "domain_vocabulary", "function": "__init__", "line": 485}
{"timestamp": "2025-10-15T21:47:47.366054", "level": "INFO", "logger": "confidence_scoring", "message": "Advanced confidence scorer initialized", "module": "confidence_scoring", "function": "__init__", "line": 340}
{"timestamp": "2025-10-15T21:47:47.543231", "level": "INFO", "logger": "enhanced_traditional_nlp_layer", "message": "Spell checker initialized with 235 technical terms", "module": "enhanced_traditional_nlp_layer", "function": "_initialize_spell_checker", "line": 149}
{"timestamp": "2025-10-15T21:47:47.543738", "level": "INFO", "logger": "enhanced_traditional_nlp_layer", "message": "Enhanced traditional NLP layer initialized", "module": "enhanced_traditional_nlp_layer", "function": "__init__", "line": 565}
{"timestamp": "2025-10-15T21:47:47.543963", "level": "INFO", "logger": "multi_layer_engine", "message": "Registered detection layer: DetectionLayer.TRADITIONAL_NLP", "module": "multi_layer_engine", "function": "register_layer", "line": 222}
{"timestamp": "2025-10-15T21:47:47.544299", "level": "INFO", "logger": "enhanced_text_analysis_service", "message": "Traditional NLP layer registered", "module": "enhanced_text_analysis_service", "function": "_initialize_detection_layers", "line": 133}
{"timestamp": "2025-10-15T21:47:47.544693", "level": "INFO", "logger": "confidence_scoring", "message": "Advanced confidence scorer initialized", "module": "confidence_scoring", "function": "__init__", "line": 340}
{"timestamp": "2025-10-15T21:47:47.545199", "level": "INFO", "logger": "domain_vocabulary", "message": "Domain vocabulary initialized with 67 technical terms", "module": "domain_vocabulary", "function": "__init__", "line": 98}
{"timestamp": "2025-10-15T21:47:47.545543", "level": "INFO", "logger": "domain_vocabulary", "message": "Enhanced domain validator initialized", "module": "domain_vocabulary", "function": "__init__", "line": 485}
{"timestamp": "2025-10-15T21:47:54.876783", "level": "INFO", "logger": "enhanced_gector_layer", "message": "Loading primary model: vennify/t5-base-grammar-correction", "module": "enhanced_gector_layer", "function": "load_primary_model", "line": 68}
{"timestamp": "2025-10-15T21:47:58.419903", "level": "INFO", "logger": "enhanced_gector_layer", "message": "Primary model loaded successfully on cpu", "module": "enhanced_gector_layer", "function": "load_primary_model", "line": 90}
{"timestamp": "2025-10-15T21:47:58.420619", "level": "INFO", "logger": "enhanced_gector_layer", "message": "Primary model loaded successfully", "module": "enhanced_gector_layer", "function": "_initialize_models", "line": 438}
{"timestamp": "2025-10-15T21:47:58.420963", "level": "INFO", "logger": "enhanced_gector_layer", "message": "Enhanced GECToR layer initialized", "module": "enhanced_gector_layer", "function": "__init__", "line": 424}
{"timestamp": "2025-10-15T21:47:58.421417", "level": "INFO", "logger": "multi_layer_engine", "message": "Registered detection layer: DetectionLayer.GECTOR_TRANSFORMER", "module": "multi_layer_engine", "function": "register_layer", "line": 222}
{"timestamp": "2025-10-15T21:47:58.421782", "level": "INFO", "logger": "enhanced_text_analysis_service", "message": "GECToR layer registered", "module": "enhanced_text_analysis_service", "function": "_initialize_detection_layers", "line": 146}
{"timestamp": "2025-10-15T21:47:58.422058", "level": "INFO", "logger": "multi_layer_engine", "message": "Registered detection layer: DetectionLayer.DOMAIN_VALIDATION", "module": "multi_layer_engine", "function": "register_layer", "line": 222}
{"timestamp": "2025-10-15T21:47:58.422305", "level": "INFO", "logger": "enhanced_text_analysis_service", "message": "Domain validation layer registered", "module": "enhanced_text_analysis_service", "function": "_initialize_detection_layers", "line": 155}
{"timestamp": "2025-10-15T21:47:58.422751", "level": "INFO", "logger": "enhanced_text_analysis_service", "message": "Enhanced Text Analysis Service initialized successfully", "module": "enhanced_text_analysis_service", "function": "__init__", "line": 119}
{"timestamp": "2025-10-15T21:47:58.539197", "level": "INFO", "logger": "enhanced_traditional_nlp_layer", "message": "Java detected: version 25", "module": "enhanced_traditional_nlp_layer", "function": "check_java_availability", "line": 70}
{"timestamp": "2025-10-15T21:47:59.477663", "level": "ERROR", "logger": "enhanced_gector_layer", "message": "Chunk processing failed: 'EnhancedDomainValidator' object has no attribute 'validation_rules'", "module": "enhanced_gector_layer", "function": "_process_chunk", "line": 559}
{"timestamp": "2025-10-15T21:48:08.442320", "level": "WARNING", "logger": "enhanced_traditional_nlp_layer", "message": "NLP detection task timed out", "module": "enhanced_traditional_nlp_layer", "function": "_detect_parallel", "line": 657}
{"timestamp": "2025-10-15T21:52:50.661031", "level": "INFO", "logger": "language_tool_python.download_lt", "message": "Unzipping C:\\Users\\admin\\AppData\\Local\\Temp\\tmp03lh03nc.zip to C:\\Users\\admin\\.cache\\language_tool_python.", "module": "download_lt", "function": "unzip_file", "line": 169}
{"timestamp": "2025-10-15T21:52:55.996716", "level": "INFO", "logger": "language_tool_python.download_lt", "message": "Downloaded https://internal1.languagetool.org/snapshots/LanguageTool-latest-snapshot.zip to C:\\Users\\admin\\.cache\\language_tool_python.", "module": "download_lt", "function": "download_zip", "line": 193}
{"timestamp": "2025-10-15T21:52:58.055018", "level": "ERROR", "logger": "enhanced_traditional_nlp_layer", "message": "LanguageTool initialization timed out", "module": "enhanced_traditional_nlp_layer", "function": "get_language_tool", "line": 106}
{"timestamp": "2025-10-15T21:52:58.055779", "level": "INFO", "logger": "enhanced_traditional_nlp_layer", "message": "Using fallback grammar checking (Java not available)", "module": "enhanced_traditional_nlp_layer", "function": "check_grammar", "line": 435}
{"timestamp": "2025-10-15T21:52:58.060026", "level": "ERROR", "logger": "multi_layer_engine", "message": "Multi-layer analysis failed: 1 (of 3) futures unfinished", "module": "multi_layer_engine", "function": "analyze", "line": 640, "processing_time": 299.6364908218384, "error_type": "TimeoutError", "text_length": 59, "exception": "Traceback (most recent call last):\n  File \"C:\\Users\\admin\\Desktop\\Microproject AIML\\backend\\multi_layer_engine.py\", line 565, in analyze\n    layer_results = self.coordinator.execute_layers_parallel(text_chunks, config)\n  File \"C:\\Users\\admin\\Desktop\\Microproject AIML\\backend\\multi_layer_engine.py\", line 278, in execute_layers_parallel\n    for future in as_completed(future_to_layer, timeout=config.max_processing_time):\n                  ~~~~~~~~~~~~^^^^^^^^^^^^^^^^^^^^^^^^^^^^^^^^^^^^^^^^^^^^^^^^^^^^^\n  File \"C:\\Users\\admin\\AppData\\Local\\Programs\\Python\\Python313\\Lib\\concurrent\\futures\\_base.py\", line 239, in as_completed\n    raise TimeoutError(\n            '%d (of %d) futures unfinished' % (\n            len(pending), total_futures))\nTimeoutError: 1 (of 3) futures unfinished"}
{"timestamp": "2025-10-15T21:52:58.065500", "level": "ERROR", "logger": "multi_layer_engine", "message": "Failed multi_layer_analysis_1: Analysis failed: 1 (of 3) futures unfinished", "module": "logging_config", "function": "__exit__", "line": 338, "processing_time": 299.641932, "error_type": "AnalysisError"}
{"timestamp": "2025-10-15T21:52:58.065897", "level": "ERROR", "logger": "errors", "message": "Analysis error: Analysis failed: 1 (of 3) futures unfinished", "module": "logging_config", "function": "log_analysis_error", "line": 146}
{"timestamp": "2025-10-15T21:52:58.066694", "level": "ERROR", "logger": "enhanced_text_analysis_service", "message": "Enhanced analysis failed: Analysis failed: 1 (of 3) futures unfinished", "module": "enhanced_text_analysis_service", "function": "analyze_text", "line": 239, "processing_time": 299.64255452156067, "error_type": "AnalysisError", "text_length": 59, "exception": "Traceback (most recent call last):\n  File \"C:\\Users\\admin\\Desktop\\Microproject AIML\\backend\\multi_layer_engine.py\", line 565, in analyze\n    layer_results = self.coordinator.execute_layers_parallel(text_chunks, config)\n  File \"C:\\Users\\admin\\Desktop\\Microproject AIML\\backend\\multi_layer_engine.py\", line 278, in execute_layers_parallel\n    for future in as_completed(future_to_layer, timeout=config.max_processing_time):\n                  ~~~~~~~~~~~~^^^^^^^^^^^^^^^^^^^^^^^^^^^^^^^^^^^^^^^^^^^^^^^^^^^^^\n  File \"C:\\Users\\admin\\AppData\\Local\\Programs\\Python\\Python313\\Lib\\concurrent\\futures\\_base.py\", line 239, in as_completed\n    raise TimeoutError(\n            '%d (of %d) futures unfinished' % (\n            len(pending), total_futures))\nTimeoutError: 1 (of 3) futures unfinished\n\nDuring handling of the above exception, another exception occurred:\n\nTraceback (most recent call last):\n  File \"C:\\Users\\admin\\Desktop\\Microproject AIML\\backend\\enhanced_text_analysis_service.py\", line 190, in analyze_text\n    result = self.engine.analyze(text, analysis_config)\n  File \"C:\\Users\\admin\\Desktop\\Microproject AIML\\backend\\multi_layer_engine.py\", line 657, in analyze\n    raise AnalysisError(\n    ...<3 lines>...\n    )\nenhanced_models.AnalysisError: Analysis failed: 1 (of 3) futures unfinished"}
{"timestamp": "2025-10-15T21:52:59.407540", "level": "ERROR", "logger": "enhanced_gector_layer", "message": "Chunk processing failed: 'EnhancedDomainValidator' object has no attribute 'validation_rules'", "module": "enhanced_gector_layer", "function": "_process_chunk", "line": 559}
{"timestamp": "2025-10-15T21:53:08.096841", "level": "WARNING", "logger": "enhanced_traditional_nlp_layer", "message": "NLP detection task timed out", "module": "enhanced_traditional_nlp_layer", "function": "_detect_parallel", "line": 657}
{"timestamp": "2025-10-15T21:57:30.034621", "level": "INFO", "logger": "language_tool_python.download_lt", "message": "Unzipping C:\\Users\\admin\\AppData\\Local\\Temp\\tmpwmxq4orq.zip to C:\\Users\\admin\\.cache\\language_tool_python.", "module": "download_lt", "function": "unzip_file", "line": 169}
{"timestamp": "2025-10-15T21:57:35.557517", "level": "INFO", "logger": "language_tool_python.download_lt", "message": "Downloaded https://internal1.languagetool.org/snapshots/LanguageTool-latest-snapshot.zip to C:\\Users\\admin\\.cache\\language_tool_python.", "module": "download_lt", "function": "download_zip", "line": 193}
{"timestamp": "2025-10-15T22:02:42.225808", "level": "INFO", "logger": "language_tool_python.download_lt", "message": "Unzipping C:\\Users\\admin\\AppData\\Local\\Temp\\tmps4hq8fl2.zip to C:\\Users\\admin\\.cache\\language_tool_python.", "module": "download_lt", "function": "unzip_file", "line": 169}
{"timestamp": "2025-10-15T22:02:45.845546", "level": "INFO", "logger": "language_tool_python.download_lt", "message": "Downloaded https://internal1.languagetool.org/snapshots/LanguageTool-latest-snapshot.zip to C:\\Users\\admin\\.cache\\language_tool_python.", "module": "download_lt", "function": "download_zip", "line": 193}
{"timestamp": "2025-10-15T22:02:47.977380", "level": "ERROR", "logger": "enhanced_traditional_nlp_layer", "message": "LanguageTool initialization timed out", "module": "enhanced_traditional_nlp_layer", "function": "get_language_tool", "line": 106}
{"timestamp": "2025-10-15T22:02:48.006692", "level": "INFO", "logger": "enhanced_traditional_nlp_layer", "message": "Using fallback grammar checking (Java not available)", "module": "enhanced_traditional_nlp_layer", "function": "check_grammar", "line": 435}
{"timestamp": "2025-10-15T22:02:48.009424", "level": "ERROR", "logger": "multi_layer_engine", "message": "Multi-layer analysis failed: 1 (of 3) futures unfinished", "module": "multi_layer_engine", "function": "analyze", "line": 640, "processing_time": 589.9341003894806, "error_type": "TimeoutError", "text_length": 71, "exception": "Traceback (most recent call last):\n  File \"C:\\Users\\admin\\Desktop\\Microproject AIML\\backend\\multi_layer_engine.py\", line 565, in analyze\n    layer_results = self.coordinator.execute_layers_parallel(text_chunks, config)\n  File \"C:\\Users\\admin\\Desktop\\Microproject AIML\\backend\\multi_layer_engine.py\", line 278, in execute_layers_parallel\n    for future in as_completed(future_to_layer, timeout=config.max_processing_time):\n                  ~~~~~~~~~~~~^^^^^^^^^^^^^^^^^^^^^^^^^^^^^^^^^^^^^^^^^^^^^^^^^^^^^\n  File \"C:\\Users\\admin\\AppData\\Local\\Programs\\Python\\Python313\\Lib\\concurrent\\futures\\_base.py\", line 239, in as_completed\n    raise TimeoutError(\n            '%d (of %d) futures unfinished' % (\n            len(pending), total_futures))\nTimeoutError: 1 (of 3) futures unfinished"}
{"timestamp": "2025-10-15T22:02:48.013761", "level": "ERROR", "logger": "multi_layer_engine", "message": "Failed multi_layer_analysis_2: Analysis failed: 1 (of 3) futures unfinished", "module": "logging_config", "function": "__exit__", "line": 338, "processing_time": 589.938426, "error_type": "AnalysisError"}
{"timestamp": "2025-10-15T22:02:48.014072", "level": "ERROR", "logger": "errors", "message": "Analysis error: Analysis failed: 1 (of 3) futures unfinished", "module": "logging_config", "function": "log_analysis_error", "line": 146}
{"timestamp": "2025-10-15T22:02:48.014408", "level": "ERROR", "logger": "enhanced_text_analysis_service", "message": "Enhanced analysis failed: Analysis failed: 1 (of 3) futures unfinished", "module": "enhanced_text_analysis_service", "function": "analyze_text", "line": 239, "processing_time": 589.9388885498047, "error_type": "AnalysisError", "text_length": 71, "exception": "Traceback (most recent call last):\n  File \"C:\\Users\\admin\\Desktop\\Microproject AIML\\backend\\multi_layer_engine.py\", line 565, in analyze\n    layer_results = self.coordinator.execute_layers_parallel(text_chunks, config)\n  File \"C:\\Users\\admin\\Desktop\\Microproject AIML\\backend\\multi_layer_engine.py\", line 278, in execute_layers_parallel\n    for future in as_completed(future_to_layer, timeout=config.max_processing_time):\n                  ~~~~~~~~~~~~^^^^^^^^^^^^^^^^^^^^^^^^^^^^^^^^^^^^^^^^^^^^^^^^^^^^^\n  File \"C:\\Users\\admin\\AppData\\Local\\Programs\\Python\\Python313\\Lib\\concurrent\\futures\\_base.py\", line 239, in as_completed\n    raise TimeoutError(\n            '%d (of %d) futures unfinished' % (\n            len(pending), total_futures))\nTimeoutError: 1 (of 3) futures unfinished\n\nDuring handling of the above exception, another exception occurred:\n\nTraceback (most recent call last):\n  File \"C:\\Users\\admin\\Desktop\\Microproject AIML\\backend\\enhanced_text_analysis_service.py\", line 190, in analyze_text\n    result = self.engine.analyze(text, analysis_config)\n  File \"C:\\Users\\admin\\Desktop\\Microproject AIML\\backend\\multi_layer_engine.py\", line 657, in analyze\n    raise AnalysisError(\n    ...<3 lines>...\n    )\nenhanced_models.AnalysisError: Analysis failed: 1 (of 3) futures unfinished"}
{"timestamp": "2025-10-15T22:02:49.423199", "level": "ERROR", "logger": "enhanced_gector_layer", "message": "Chunk processing failed: 'EnhancedDomainValidator' object has no attribute 'validation_rules'", "module": "enhanced_gector_layer", "function": "_process_chunk", "line": 559}
{"timestamp": "2025-10-15T22:02:58.044824", "level": "WARNING", "logger": "enhanced_traditional_nlp_layer", "message": "NLP detection task timed out", "module": "enhanced_traditional_nlp_layer", "function": "_detect_parallel", "line": 657}
{"timestamp": "2025-10-15T22:11:23.776337", "level": "INFO", "logger": "language_tool_python.download_lt", "message": "Unzipping C:\\Users\\admin\\AppData\\Local\\Temp\\tmphsuyt_im.zip to C:\\Users\\admin\\.cache\\language_tool_python.", "module": "download_lt", "function": "unzip_file", "line": 169}
{"timestamp": "2025-10-15T22:11:28.025302", "level": "INFO", "logger": "language_tool_python.download_lt", "message": "Downloaded https://internal1.languagetool.org/snapshots/LanguageTool-latest-snapshot.zip to C:\\Users\\admin\\.cache\\language_tool_python.", "module": "download_lt", "function": "download_zip", "line": 193}
{"timestamp": "2025-10-15T22:21:39.591294", "level": "ERROR", "logger": "enhanced_traditional_nlp_layer", "message": "LanguageTool initialization timed out", "module": "enhanced_traditional_nlp_layer", "function": "get_language_tool", "line": 106}
{"timestamp": "2025-10-15T22:21:39.642658", "level": "INFO", "logger": "enhanced_traditional_nlp_layer", "message": "Using fallback grammar checking (Java not available)", "module": "enhanced_traditional_nlp_layer", "function": "check_grammar", "line": 435}
{"timestamp": "2025-10-15T22:21:39.725556", "level": "ERROR", "logger": "multi_layer_engine", "message": "Multi-layer analysis failed: 1 (of 3) futures unfinished", "module": "multi_layer_engine", "function": "analyze", "line": 640, "processing_time": 1131.7057301998138, "error_type": "TimeoutError", "text_length": 84, "exception": "Traceback (most recent call last):\n  File \"C:\\Users\\admin\\Desktop\\Microproject AIML\\backend\\multi_layer_engine.py\", line 565, in analyze\n    layer_results = self.coordinator.execute_layers_parallel(text_chunks, config)\n  File \"C:\\Users\\admin\\Desktop\\Microproject AIML\\backend\\multi_layer_engine.py\", line 278, in execute_layers_parallel\n    for future in as_completed(future_to_layer, timeout=config.max_processing_time):\n                  ~~~~~~~~~~~~^^^^^^^^^^^^^^^^^^^^^^^^^^^^^^^^^^^^^^^^^^^^^^^^^^^^^\n  File \"C:\\Users\\admin\\AppData\\Local\\Programs\\Python\\Python313\\Lib\\concurrent\\futures\\_base.py\", line 239, in as_completed\n    raise TimeoutError(\n            '%d (of %d) futures unfinished' % (\n            len(pending), total_futures))\nTimeoutError: 1 (of 3) futures unfinished"}
{"timestamp": "2025-10-15T22:21:39.764833", "level": "ERROR", "logger": "multi_layer_engine", "message": "Failed multi_layer_analysis_3: Analysis failed: 1 (of 3) futures unfinished", "module": "logging_config", "function": "__exit__", "line": 338, "processing_time": 1131.744965, "error_type": "AnalysisError"}
{"timestamp": "2025-10-15T22:21:39.856376", "level": "ERROR", "logger": "errors", "message": "Analysis error: Analysis failed: 1 (of 3) futures unfinished", "module": "logging_config", "function": "log_analysis_error", "line": 146}
{"timestamp": "2025-10-15T22:21:39.881924", "level": "ERROR", "logger": "enhanced_text_analysis_service", "message": "Enhanced analysis failed: Analysis failed: 1 (of 3) futures unfinished", "module": "enhanced_text_analysis_service", "function": "analyze_text", "line": 239, "processing_time": 1131.8366012573242, "error_type": "AnalysisError", "text_length": 84, "exception": "Traceback (most recent call last):\n  File \"C:\\Users\\admin\\Desktop\\Microproject AIML\\backend\\multi_layer_engine.py\", line 565, in analyze\n    layer_results = self.coordinator.execute_layers_parallel(text_chunks, config)\n  File \"C:\\Users\\admin\\Desktop\\Microproject AIML\\backend\\multi_layer_engine.py\", line 278, in execute_layers_parallel\n    for future in as_completed(future_to_layer, timeout=config.max_processing_time):\n                  ~~~~~~~~~~~~^^^^^^^^^^^^^^^^^^^^^^^^^^^^^^^^^^^^^^^^^^^^^^^^^^^^^\n  File \"C:\\Users\\admin\\AppData\\Local\\Programs\\Python\\Python313\\Lib\\concurrent\\futures\\_base.py\", line 239, in as_completed\n    raise TimeoutError(\n            '%d (of %d) futures unfinished' % (\n            len(pending), total_futures))\nTimeoutError: 1 (of 3) futures unfinished\n\nDuring handling of the above exception, another exception occurred:\n\nTraceback (most recent call last):\n  File \"C:\\Users\\admin\\Desktop\\Microproject AIML\\backend\\enhanced_text_analysis_service.py\", line 190, in analyze_text\n    result = self.engine.analyze(text, analysis_config)\n  File \"C:\\Users\\admin\\Desktop\\Microproject AIML\\backend\\multi_layer_engine.py\", line 657, in analyze\n    raise AnalysisError(\n    ...<3 lines>...\n    )\nenhanced_models.AnalysisError: Analysis failed: 1 (of 3) futures unfinished"}
{"timestamp": "2025-10-15T22:21:40.299267", "level": "INFO", "logger": "enhanced_text_analysis_service", "message": "Starting system cleanup", "module": "enhanced_text_analysis_service", "function": "cleanup", "line": 394}
{"timestamp": "2025-10-15T22:21:40.307539", "level": "INFO", "logger": "multi_layer_engine", "message": "Unregistered detection layer: DetectionLayer.TRADITIONAL_NLP", "module": "multi_layer_engine", "function": "unregister_layer", "line": 671}
{"timestamp": "2025-10-15T22:21:40.576481", "level": "INFO", "logger": "multi_layer_engine", "message": "Unregistered detection layer: DetectionLayer.GECTOR_TRANSFORMER", "module": "multi_layer_engine", "function": "unregister_layer", "line": 671}
{"timestamp": "2025-10-15T22:21:40.577014", "level": "INFO", "logger": "multi_layer_engine", "message": "Unregistered detection layer: DetectionLayer.DOMAIN_VALIDATION", "module": "multi_layer_engine", "function": "unregister_layer", "line": 671}
{"timestamp": "2025-10-15T22:21:40.577298", "level": "ERROR", "logger": "enhanced_text_analysis_service", "message": "System cleanup failed: 'AdaptiveCache' object has no attribute 'clear'", "module": "enhanced_text_analysis_service", "function": "cleanup", "line": 407}
{"timestamp": "2025-10-15T23:35:15.409466", "level": "INFO", "logger": "root", "message": "Enhanced typo detection system logging initialized", "module": "logging_config", "function": "setup_logging", "line": 237}
{"timestamp": "2025-10-15T23:35:18.269201", "level": "INFO", "logger": "root", "message": "Enhanced typo detection system logging initialized", "module": "logging_config", "function": "setup_logging", "line": 237}
{"timestamp": "2025-10-15T23:35:18.271013", "level": "INFO", "logger": "intelligent_cache", "message": "Intelligent cache manager initialized", "module": "intelligent_cache", "function": "__init__", "line": 477}
{"timestamp": "2025-10-15T23:35:18.271789", "level": "INFO", "logger": "domain_vocabulary", "message": "Domain vocabulary initialized with 67 technical terms", "module": "domain_vocabulary", "function": "__init__", "line": 98}
{"timestamp": "2025-10-15T23:35:18.272070", "level": "INFO", "logger": "domain_vocabulary", "message": "Enhanced domain validator initialized", "module": "domain_vocabulary", "function": "__init__", "line": 485}
{"timestamp": "2025-10-15T23:35:18.272438", "level": "INFO", "logger": "confidence_scoring", "message": "Advanced confidence scorer initialized", "module": "confidence_scoring", "function": "__init__", "line": 340}
{"timestamp": "2025-10-15T23:35:18.272752", "level": "INFO", "logger": "ensemble_validation", "message": "Advanced ensemble validator initialized", "module": "ensemble_validation", "function": "__init__", "line": 444}
{"timestamp": "2025-10-15T23:35:18.273131", "level": "INFO", "logger": "multi_layer_engine", "message": "Multi-layer detection engine initialized", "module": "multi_layer_engine", "function": "__init__", "line": 528}
{"timestamp": "2025-10-15T23:35:18.278436", "level": "INFO", "logger": "domain_vocabulary", "message": "Domain vocabulary initialized with 67 technical terms", "module": "domain_vocabulary", "function": "__init__", "line": 98}
{"timestamp": "2025-10-15T23:35:18.279083", "level": "INFO", "logger": "domain_vocabulary", "message": "Enhanced domain validator initialized", "module": "domain_vocabulary", "function": "__init__", "line": 485}
{"timestamp": "2025-10-15T23:35:18.279522", "level": "INFO", "logger": "confidence_scoring", "message": "Advanced confidence scorer initialized", "module": "confidence_scoring", "function": "__init__", "line": 340}
{"timestamp": "2025-10-15T23:35:18.479689", "level": "INFO", "logger": "enhanced_traditional_nlp_layer", "message": "Spell checker initialized with 235 technical terms", "module": "enhanced_traditional_nlp_layer", "function": "_initialize_spell_checker", "line": 149}
{"timestamp": "2025-10-15T23:35:18.480275", "level": "INFO", "logger": "enhanced_traditional_nlp_layer", "message": "Enhanced traditional NLP layer initialized", "module": "enhanced_traditional_nlp_layer", "function": "__init__", "line": 565}
{"timestamp": "2025-10-15T23:35:18.480619", "level": "INFO", "logger": "multi_layer_engine", "message": "Registered detection layer: DetectionLayer.TRADITIONAL_NLP", "module": "multi_layer_engine", "function": "register_layer", "line": 222}
{"timestamp": "2025-10-15T23:35:18.480884", "level": "INFO", "logger": "enhanced_text_analysis_service", "message": "Traditional NLP layer registered", "module": "enhanced_text_analysis_service", "function": "_initialize_detection_layers", "line": 133}
{"timestamp": "2025-10-15T23:35:18.481209", "level": "INFO", "logger": "confidence_scoring", "message": "Advanced confidence scorer initialized", "module": "confidence_scoring", "function": "__init__", "line": 340}
{"timestamp": "2025-10-15T23:35:18.481682", "level": "INFO", "logger": "domain_vocabulary", "message": "Domain vocabulary initialized with 67 technical terms", "module": "domain_vocabulary", "function": "__init__", "line": 98}
{"timestamp": "2025-10-15T23:35:18.482057", "level": "INFO", "logger": "domain_vocabulary", "message": "Enhanced domain validator initialized", "module": "domain_vocabulary", "function": "__init__", "line": 485}
{"timestamp": "2025-10-15T23:35:24.055346", "level": "INFO", "logger": "enhanced_gector_layer", "message": "Loading primary model: vennify/t5-base-grammar-correction", "module": "enhanced_gector_layer", "function": "load_primary_model", "line": 68}
{"timestamp": "2025-10-15T23:35:35.055046", "level": "INFO", "logger": "enhanced_gector_layer", "message": "Primary model loaded successfully on cpu", "module": "enhanced_gector_layer", "function": "load_primary_model", "line": 90}
{"timestamp": "2025-10-15T23:35:35.055868", "level": "INFO", "logger": "enhanced_gector_layer", "message": "Primary model loaded successfully", "module": "enhanced_gector_layer", "function": "_initialize_models", "line": 438}
{"timestamp": "2025-10-15T23:35:35.056542", "level": "INFO", "logger": "enhanced_gector_layer", "message": "Enhanced GECToR layer initialized", "module": "enhanced_gector_layer", "function": "__init__", "line": 424}
{"timestamp": "2025-10-15T23:35:35.057356", "level": "INFO", "logger": "multi_layer_engine", "message": "Registered detection layer: DetectionLayer.GECTOR_TRANSFORMER", "module": "multi_layer_engine", "function": "register_layer", "line": 222}
{"timestamp": "2025-10-15T23:35:35.058050", "level": "INFO", "logger": "enhanced_text_analysis_service", "message": "GECToR layer registered", "module": "enhanced_text_analysis_service", "function": "_initialize_detection_layers", "line": 146}
{"timestamp": "2025-10-15T23:35:35.058722", "level": "INFO", "logger": "multi_layer_engine", "message": "Registered detection layer: DetectionLayer.DOMAIN_VALIDATION", "module": "multi_layer_engine", "function": "register_layer", "line": 222}
{"timestamp": "2025-10-15T23:35:35.059251", "level": "INFO", "logger": "enhanced_text_analysis_service", "message": "Domain validation layer registered", "module": "enhanced_text_analysis_service", "function": "_initialize_detection_layers", "line": 155}
{"timestamp": "2025-10-15T23:35:35.059953", "level": "INFO", "logger": "enhanced_text_analysis_service", "message": "Enhanced Text Analysis Service initialized successfully", "module": "enhanced_text_analysis_service", "function": "__init__", "line": 119}
{"timestamp": "2025-10-15T23:35:35.179581", "level": "INFO", "logger": "enhanced_traditional_nlp_layer", "message": "Java detected: version 25", "module": "enhanced_traditional_nlp_layer", "function": "check_java_availability", "line": 70}
{"timestamp": "2025-10-15T23:35:36.091757", "level": "ERROR", "logger": "enhanced_gector_layer", "message": "Chunk processing failed: 'EnhancedDomainValidator' object has no attribute 'validation_rules'", "module": "enhanced_gector_layer", "function": "_process_chunk", "line": 559}
{"timestamp": "2025-10-15T23:35:45.091089", "level": "WARNING", "logger": "enhanced_traditional_nlp_layer", "message": "NLP detection task timed out", "module": "enhanced_traditional_nlp_layer", "function": "_detect_parallel", "line": 657}
